[2021-10-30 22:21:36] [ DEBUG] [logging:112] Logging Provider: org.jboss.logging.Log4jLoggerProvider
[2021-10-30 22:21:36] [ DEBUG] [IntegratorServiceImpl:46] Adding Integrator [org.hibernate.cfg.beanvalidation.BeanValidationIntegrator].
[2021-10-30 22:21:36] [ DEBUG] [IntegratorServiceImpl:46] Adding Integrator [org.hibernate.secure.spi.JaccIntegrator].
[2021-10-30 22:21:36] [ DEBUG] [IntegratorServiceImpl:46] Adding Integrator [org.hibernate.cache.internal.CollectionCacheInvalidator].
[2021-10-30 22:21:36] [ INFO ] [Version:46] HHH000412: Hibernate Core {5.4.10.Final}
[2021-10-30 22:21:36] [ DEBUG] [Environment:199] HHH000206: hibernate.properties not found
[2021-10-30 22:21:36] [ DEBUG] [LocalXmlResourceResolver:57] Interpreting public/system identifier : [-//Hibernate/Hibernate Configuration DTD 3.0//EN] - [http://www.hibernate.org/dtd/hibernate-configuration-3.0.dtd]
[2021-10-30 22:21:36] [ DEBUG] [LocalXmlResourceResolver:85] Recognized hibernate-configuration identifier; attempting to resolve on classpath under org/hibernate/
[2021-10-30 22:21:36] [ DEBUG] [JaxbCfgProcessor:116] cfg.xml document did not define namespaces; wrapping in custom event reader to introduce namespace information
[2021-10-30 22:21:37] [ DEBUG] [ServiceBinding:68] Overriding existing service binding [org.hibernate.secure.spi.JaccService]
[2021-10-30 22:21:37] [ DEBUG] [RegionFactoryInitiator:118] Cannot default RegionFactory based on registered strategies as `[]` RegionFactory strategies were registered
[2021-10-30 22:21:37] [ DEBUG] [RegionFactoryInitiator:49] Cache region factory : org.hibernate.cache.internal.NoCachingRegionFactory
[2021-10-30 22:21:37] [ INFO ] [Version:49] HCANN000001: Hibernate Commons Annotations {5.1.0.Final}
[2021-10-30 22:21:37] [ DEBUG] [BasicTypeRegistry:156] Adding type registration boolean -> org.hibernate.type.BooleanType@6bb75258
[2021-10-30 22:21:37] [ DEBUG] [BasicTypeRegistry:156] Adding type registration boolean -> org.hibernate.type.BooleanType@6bb75258
[2021-10-30 22:21:37] [ DEBUG] [BasicTypeRegistry:156] Adding type registration java.lang.Boolean -> org.hibernate.type.BooleanType@6bb75258
[2021-10-30 22:21:37] [ DEBUG] [BasicTypeRegistry:156] Adding type registration numeric_boolean -> org.hibernate.type.NumericBooleanType@30990c1b
[2021-10-30 22:21:37] [ DEBUG] [BasicTypeRegistry:156] Adding type registration true_false -> org.hibernate.type.TrueFalseType@553f1d75
[2021-10-30 22:21:37] [ DEBUG] [BasicTypeRegistry:156] Adding type registration yes_no -> org.hibernate.type.YesNoType@4f071df8
[2021-10-30 22:21:37] [ DEBUG] [BasicTypeRegistry:156] Adding type registration byte -> org.hibernate.type.ByteType@62435e70
[2021-10-30 22:21:37] [ DEBUG] [BasicTypeRegistry:156] Adding type registration byte -> org.hibernate.type.ByteType@62435e70
[2021-10-30 22:21:37] [ DEBUG] [BasicTypeRegistry:156] Adding type registration java.lang.Byte -> org.hibernate.type.ByteType@62435e70
[2021-10-30 22:21:37] [ DEBUG] [BasicTypeRegistry:156] Adding type registration character -> org.hibernate.type.CharacterType@275fe372
[2021-10-30 22:21:37] [ DEBUG] [BasicTypeRegistry:156] Adding type registration char -> org.hibernate.type.CharacterType@275fe372
[2021-10-30 22:21:37] [ DEBUG] [BasicTypeRegistry:156] Adding type registration java.lang.Character -> org.hibernate.type.CharacterType@275fe372
[2021-10-30 22:21:37] [ DEBUG] [BasicTypeRegistry:156] Adding type registration short -> org.hibernate.type.ShortType@31e75d13
[2021-10-30 22:21:37] [ DEBUG] [BasicTypeRegistry:156] Adding type registration short -> org.hibernate.type.ShortType@31e75d13
[2021-10-30 22:21:37] [ DEBUG] [BasicTypeRegistry:156] Adding type registration java.lang.Short -> org.hibernate.type.ShortType@31e75d13
[2021-10-30 22:21:37] [ DEBUG] [BasicTypeRegistry:156] Adding type registration integer -> org.hibernate.type.IntegerType@2f9a01c1
[2021-10-30 22:21:37] [ DEBUG] [BasicTypeRegistry:156] Adding type registration int -> org.hibernate.type.IntegerType@2f9a01c1
[2021-10-30 22:21:37] [ DEBUG] [BasicTypeRegistry:156] Adding type registration java.lang.Integer -> org.hibernate.type.IntegerType@2f9a01c1
[2021-10-30 22:21:37] [ DEBUG] [BasicTypeRegistry:156] Adding type registration long -> org.hibernate.type.LongType@5778826f
[2021-10-30 22:21:37] [ DEBUG] [BasicTypeRegistry:156] Adding type registration long -> org.hibernate.type.LongType@5778826f
[2021-10-30 22:21:37] [ DEBUG] [BasicTypeRegistry:156] Adding type registration java.lang.Long -> org.hibernate.type.LongType@5778826f
[2021-10-30 22:21:37] [ DEBUG] [BasicTypeRegistry:156] Adding type registration float -> org.hibernate.type.FloatType@15c25153
[2021-10-30 22:21:37] [ DEBUG] [BasicTypeRegistry:156] Adding type registration float -> org.hibernate.type.FloatType@15c25153
[2021-10-30 22:21:37] [ DEBUG] [BasicTypeRegistry:156] Adding type registration java.lang.Float -> org.hibernate.type.FloatType@15c25153
[2021-10-30 22:21:37] [ DEBUG] [BasicTypeRegistry:156] Adding type registration double -> org.hibernate.type.DoubleType@5b408dc3
[2021-10-30 22:21:37] [ DEBUG] [BasicTypeRegistry:156] Adding type registration double -> org.hibernate.type.DoubleType@5b408dc3
[2021-10-30 22:21:37] [ DEBUG] [BasicTypeRegistry:156] Adding type registration java.lang.Double -> org.hibernate.type.DoubleType@5b408dc3
[2021-10-30 22:21:37] [ DEBUG] [BasicTypeRegistry:156] Adding type registration big_decimal -> org.hibernate.type.BigDecimalType@2692b61e
[2021-10-30 22:21:37] [ DEBUG] [BasicTypeRegistry:156] Adding type registration java.math.BigDecimal -> org.hibernate.type.BigDecimalType@2692b61e
[2021-10-30 22:21:37] [ DEBUG] [BasicTypeRegistry:156] Adding type registration big_integer -> org.hibernate.type.BigIntegerType@4f2613d1
[2021-10-30 22:21:37] [ DEBUG] [BasicTypeRegistry:156] Adding type registration java.math.BigInteger -> org.hibernate.type.BigIntegerType@4f2613d1
[2021-10-30 22:21:37] [ DEBUG] [BasicTypeRegistry:156] Adding type registration string -> org.hibernate.type.StringType@83298d7
[2021-10-30 22:21:37] [ DEBUG] [BasicTypeRegistry:156] Adding type registration java.lang.String -> org.hibernate.type.StringType@83298d7
[2021-10-30 22:21:37] [ DEBUG] [BasicTypeRegistry:156] Adding type registration nstring -> org.hibernate.type.StringNVarcharType@6b54655f
[2021-10-30 22:21:37] [ DEBUG] [BasicTypeRegistry:156] Adding type registration ncharacter -> org.hibernate.type.CharacterNCharType@2756c0a7
[2021-10-30 22:21:37] [ DEBUG] [BasicTypeRegistry:156] Adding type registration url -> org.hibernate.type.UrlType@6c8bca63
[2021-10-30 22:21:37] [ DEBUG] [BasicTypeRegistry:156] Adding type registration java.net.URL -> org.hibernate.type.UrlType@6c8bca63
[2021-10-30 22:21:37] [ DEBUG] [BasicTypeRegistry:156] Adding type registration Duration -> org.hibernate.type.DurationType@1c55f277
[2021-10-30 22:21:37] [ DEBUG] [BasicTypeRegistry:156] Adding type registration java.time.Duration -> org.hibernate.type.DurationType@1c55f277
[2021-10-30 22:21:37] [ DEBUG] [BasicTypeRegistry:156] Adding type registration Instant -> org.hibernate.type.InstantType@74e47444
[2021-10-30 22:21:37] [ DEBUG] [BasicTypeRegistry:156] Adding type registration java.time.Instant -> org.hibernate.type.InstantType@74e47444
[2021-10-30 22:21:37] [ DEBUG] [BasicTypeRegistry:156] Adding type registration LocalDateTime -> org.hibernate.type.LocalDateTimeType@18518ccf
[2021-10-30 22:21:37] [ DEBUG] [BasicTypeRegistry:156] Adding type registration java.time.LocalDateTime -> org.hibernate.type.LocalDateTimeType@18518ccf
[2021-10-30 22:21:37] [ DEBUG] [BasicTypeRegistry:156] Adding type registration LocalDate -> org.hibernate.type.LocalDateType@2488b073
[2021-10-30 22:21:37] [ DEBUG] [BasicTypeRegistry:156] Adding type registration java.time.LocalDate -> org.hibernate.type.LocalDateType@2488b073
[2021-10-30 22:21:37] [ DEBUG] [BasicTypeRegistry:156] Adding type registration LocalTime -> org.hibernate.type.LocalTimeType@3276732
[2021-10-30 22:21:37] [ DEBUG] [BasicTypeRegistry:156] Adding type registration java.time.LocalTime -> org.hibernate.type.LocalTimeType@3276732
[2021-10-30 22:21:37] [ DEBUG] [BasicTypeRegistry:156] Adding type registration OffsetDateTime -> org.hibernate.type.OffsetDateTimeType@18245eb0
[2021-10-30 22:21:37] [ DEBUG] [BasicTypeRegistry:156] Adding type registration java.time.OffsetDateTime -> org.hibernate.type.OffsetDateTimeType@18245eb0
[2021-10-30 22:21:37] [ DEBUG] [BasicTypeRegistry:156] Adding type registration OffsetTime -> org.hibernate.type.OffsetTimeType@4ae33a11
[2021-10-30 22:21:37] [ DEBUG] [BasicTypeRegistry:156] Adding type registration java.time.OffsetTime -> org.hibernate.type.OffsetTimeType@4ae33a11
[2021-10-30 22:21:37] [ DEBUG] [BasicTypeRegistry:156] Adding type registration ZonedDateTime -> org.hibernate.type.ZonedDateTimeType@4052274f
[2021-10-30 22:21:37] [ DEBUG] [BasicTypeRegistry:156] Adding type registration java.time.ZonedDateTime -> org.hibernate.type.ZonedDateTimeType@4052274f
[2021-10-30 22:21:37] [ DEBUG] [BasicTypeRegistry:156] Adding type registration date -> org.hibernate.type.DateType@741b3bc3
[2021-10-30 22:21:37] [ DEBUG] [BasicTypeRegistry:156] Adding type registration java.sql.Date -> org.hibernate.type.DateType@741b3bc3
[2021-10-30 22:21:37] [ DEBUG] [BasicTypeRegistry:156] Adding type registration time -> org.hibernate.type.TimeType@5b58ed3c
[2021-10-30 22:21:37] [ DEBUG] [BasicTypeRegistry:156] Adding type registration java.sql.Time -> org.hibernate.type.TimeType@5b58ed3c
[2021-10-30 22:21:37] [ DEBUG] [BasicTypeRegistry:156] Adding type registration timestamp -> org.hibernate.type.TimestampType@545de5a4
[2021-10-30 22:21:37] [ DEBUG] [BasicTypeRegistry:156] Adding type registration java.sql.Timestamp -> org.hibernate.type.TimestampType@545de5a4
[2021-10-30 22:21:37] [ DEBUG] [BasicTypeRegistry:156] Adding type registration java.util.Date -> org.hibernate.type.TimestampType@545de5a4
[2021-10-30 22:21:37] [ DEBUG] [BasicTypeRegistry:156] Adding type registration dbtimestamp -> org.hibernate.type.DbTimestampType@4648ce9
[2021-10-30 22:21:37] [ DEBUG] [BasicTypeRegistry:156] Adding type registration calendar -> org.hibernate.type.CalendarType@42b64ab8
[2021-10-30 22:21:37] [ DEBUG] [BasicTypeRegistry:156] Adding type registration java.util.Calendar -> org.hibernate.type.CalendarType@42b64ab8
[2021-10-30 22:21:37] [ DEBUG] [BasicTypeRegistry:156] Adding type registration java.util.GregorianCalendar -> org.hibernate.type.CalendarType@42b64ab8
[2021-10-30 22:21:37] [ DEBUG] [BasicTypeRegistry:156] Adding type registration calendar_date -> org.hibernate.type.CalendarDateType@d5ae57e
[2021-10-30 22:21:37] [ DEBUG] [BasicTypeRegistry:156] Adding type registration locale -> org.hibernate.type.LocaleType@6e16b8b5
[2021-10-30 22:21:37] [ DEBUG] [BasicTypeRegistry:156] Adding type registration java.util.Locale -> org.hibernate.type.LocaleType@6e16b8b5
[2021-10-30 22:21:37] [ DEBUG] [BasicTypeRegistry:156] Adding type registration currency -> org.hibernate.type.CurrencyType@44c79f32
[2021-10-30 22:21:37] [ DEBUG] [BasicTypeRegistry:156] Adding type registration java.util.Currency -> org.hibernate.type.CurrencyType@44c79f32
[2021-10-30 22:21:37] [ DEBUG] [BasicTypeRegistry:156] Adding type registration timezone -> org.hibernate.type.TimeZoneType@649725e3
[2021-10-30 22:21:37] [ DEBUG] [BasicTypeRegistry:156] Adding type registration java.util.TimeZone -> org.hibernate.type.TimeZoneType@649725e3
[2021-10-30 22:21:37] [ DEBUG] [BasicTypeRegistry:156] Adding type registration class -> org.hibernate.type.ClassType@4fad94a7
[2021-10-30 22:21:37] [ DEBUG] [BasicTypeRegistry:156] Adding type registration java.lang.Class -> org.hibernate.type.ClassType@4fad94a7
[2021-10-30 22:21:37] [ DEBUG] [BasicTypeRegistry:156] Adding type registration uuid-binary -> org.hibernate.type.UUIDBinaryType@7e809b79
[2021-10-30 22:21:37] [ DEBUG] [BasicTypeRegistry:156] Adding type registration java.util.UUID -> org.hibernate.type.UUIDBinaryType@7e809b79
[2021-10-30 22:21:37] [ DEBUG] [BasicTypeRegistry:156] Adding type registration uuid-char -> org.hibernate.type.UUIDCharType@89c10b7
[2021-10-30 22:21:37] [ DEBUG] [BasicTypeRegistry:156] Adding type registration binary -> org.hibernate.type.BinaryType@7fd4acee
[2021-10-30 22:21:37] [ DEBUG] [BasicTypeRegistry:156] Adding type registration byte[] -> org.hibernate.type.BinaryType@7fd4acee
[2021-10-30 22:21:37] [ DEBUG] [BasicTypeRegistry:156] Adding type registration [B -> org.hibernate.type.BinaryType@7fd4acee
[2021-10-30 22:21:37] [ DEBUG] [BasicTypeRegistry:156] Adding type registration wrapper-binary -> org.hibernate.type.WrapperBinaryType@76c7beb3
[2021-10-30 22:21:37] [ DEBUG] [BasicTypeRegistry:156] Adding type registration Byte[] -> org.hibernate.type.WrapperBinaryType@76c7beb3
[2021-10-30 22:21:37] [ DEBUG] [BasicTypeRegistry:156] Adding type registration [Ljava.lang.Byte; -> org.hibernate.type.WrapperBinaryType@76c7beb3
[2021-10-30 22:21:37] [ DEBUG] [BasicTypeRegistry:156] Adding type registration row_version -> org.hibernate.type.RowVersionType@5f2f577
[2021-10-30 22:21:37] [ DEBUG] [BasicTypeRegistry:156] Adding type registration image -> org.hibernate.type.ImageType@41a90fa8
[2021-10-30 22:21:37] [ DEBUG] [BasicTypeRegistry:156] Adding type registration characters -> org.hibernate.type.CharArrayType@4b85880b
[2021-10-30 22:21:37] [ DEBUG] [BasicTypeRegistry:156] Adding type registration char[] -> org.hibernate.type.CharArrayType@4b85880b
[2021-10-30 22:21:37] [ DEBUG] [BasicTypeRegistry:156] Adding type registration [C -> org.hibernate.type.CharArrayType@4b85880b
[2021-10-30 22:21:37] [ DEBUG] [BasicTypeRegistry:156] Adding type registration wrapper-characters -> org.hibernate.type.CharacterArrayType@f9d87b
[2021-10-30 22:21:37] [ DEBUG] [BasicTypeRegistry:156] Adding type registration [Ljava.lang.Character; -> org.hibernate.type.CharacterArrayType@f9d87b
[2021-10-30 22:21:37] [ DEBUG] [BasicTypeRegistry:156] Adding type registration Character[] -> org.hibernate.type.CharacterArrayType@f9d87b
[2021-10-30 22:21:37] [ DEBUG] [BasicTypeRegistry:156] Adding type registration text -> org.hibernate.type.TextType@70dd7e15
[2021-10-30 22:21:37] [ DEBUG] [BasicTypeRegistry:156] Adding type registration ntext -> org.hibernate.type.NTextType@5ac86ba5
[2021-10-30 22:21:37] [ DEBUG] [BasicTypeRegistry:156] Adding type registration blob -> org.hibernate.type.BlobType@5bda80bf
[2021-10-30 22:21:37] [ DEBUG] [BasicTypeRegistry:156] Adding type registration java.sql.Blob -> org.hibernate.type.BlobType@5bda80bf
[2021-10-30 22:21:37] [ DEBUG] [BasicTypeRegistry:156] Adding type registration materialized_blob -> org.hibernate.type.MaterializedBlobType@51df223b
[2021-10-30 22:21:37] [ DEBUG] [BasicTypeRegistry:156] Adding type registration clob -> org.hibernate.type.ClobType@1849db1a
[2021-10-30 22:21:37] [ DEBUG] [BasicTypeRegistry:156] Adding type registration java.sql.Clob -> org.hibernate.type.ClobType@1849db1a
[2021-10-30 22:21:37] [ DEBUG] [BasicTypeRegistry:156] Adding type registration nclob -> org.hibernate.type.NClobType@1d71006f
[2021-10-30 22:21:37] [ DEBUG] [BasicTypeRegistry:156] Adding type registration java.sql.NClob -> org.hibernate.type.NClobType@1d71006f
[2021-10-30 22:21:37] [ DEBUG] [BasicTypeRegistry:156] Adding type registration materialized_clob -> org.hibernate.type.MaterializedClobType@3ebff828
[2021-10-30 22:21:37] [ DEBUG] [BasicTypeRegistry:156] Adding type registration materialized_nclob -> org.hibernate.type.MaterializedNClobType@1e044120
[2021-10-30 22:21:37] [ DEBUG] [BasicTypeRegistry:156] Adding type registration serializable -> org.hibernate.type.SerializableType@7c22d4f
[2021-10-30 22:21:37] [ DEBUG] [BasicTypeRegistry:156] Adding type registration object -> org.hibernate.type.ObjectType@3af17be2
[2021-10-30 22:21:37] [ DEBUG] [BasicTypeRegistry:156] Adding type registration java.lang.Object -> org.hibernate.type.ObjectType@3af17be2
[2021-10-30 22:21:37] [ DEBUG] [BasicTypeRegistry:156] Adding type registration imm_date -> org.hibernate.type.AdaptedImmutableType@6e521c1e
[2021-10-30 22:21:37] [ DEBUG] [BasicTypeRegistry:156] Adding type registration imm_time -> org.hibernate.type.AdaptedImmutableType@224b4d61
[2021-10-30 22:21:37] [ DEBUG] [BasicTypeRegistry:156] Adding type registration imm_timestamp -> org.hibernate.type.AdaptedImmutableType@5d5d9e5
[2021-10-30 22:21:37] [ DEBUG] [BasicTypeRegistry:156] Adding type registration imm_dbtimestamp -> org.hibernate.type.AdaptedImmutableType@303e3593
[2021-10-30 22:21:37] [ DEBUG] [BasicTypeRegistry:156] Adding type registration imm_calendar -> org.hibernate.type.AdaptedImmutableType@4ef27d66
[2021-10-30 22:21:37] [ DEBUG] [BasicTypeRegistry:156] Adding type registration imm_calendar_date -> org.hibernate.type.AdaptedImmutableType@362a019c
[2021-10-30 22:21:37] [ DEBUG] [BasicTypeRegistry:156] Adding type registration imm_binary -> org.hibernate.type.AdaptedImmutableType@1d9bec4d
[2021-10-30 22:21:37] [ DEBUG] [BasicTypeRegistry:156] Adding type registration imm_serializable -> org.hibernate.type.AdaptedImmutableType@5c48c0c0
[2021-10-30 22:21:37] [ DEBUG] [DefaultIdentifierGeneratorFactory:81] Registering IdentifierGenerator strategy [uuid2] -> [org.hibernate.id.UUIDGenerator]
[2021-10-30 22:21:37] [ DEBUG] [DefaultIdentifierGeneratorFactory:81] Registering IdentifierGenerator strategy [guid] -> [org.hibernate.id.GUIDGenerator]
[2021-10-30 22:21:37] [ DEBUG] [DefaultIdentifierGeneratorFactory:81] Registering IdentifierGenerator strategy [uuid] -> [org.hibernate.id.UUIDHexGenerator]
[2021-10-30 22:21:37] [ DEBUG] [DefaultIdentifierGeneratorFactory:81] Registering IdentifierGenerator strategy [uuid.hex] -> [org.hibernate.id.UUIDHexGenerator]
[2021-10-30 22:21:37] [ DEBUG] [DefaultIdentifierGeneratorFactory:81] Registering IdentifierGenerator strategy [assigned] -> [org.hibernate.id.Assigned]
[2021-10-30 22:21:37] [ DEBUG] [DefaultIdentifierGeneratorFactory:81] Registering IdentifierGenerator strategy [identity] -> [org.hibernate.id.IdentityGenerator]
[2021-10-30 22:21:37] [ DEBUG] [DefaultIdentifierGeneratorFactory:81] Registering IdentifierGenerator strategy [select] -> [org.hibernate.id.SelectGenerator]
[2021-10-30 22:21:37] [ DEBUG] [DefaultIdentifierGeneratorFactory:81] Registering IdentifierGenerator strategy [sequence] -> [org.hibernate.id.enhanced.SequenceStyleGenerator]
[2021-10-30 22:21:37] [ DEBUG] [DefaultIdentifierGeneratorFactory:81] Registering IdentifierGenerator strategy [seqhilo] -> [org.hibernate.id.SequenceHiLoGenerator]
[2021-10-30 22:21:37] [ DEBUG] [DefaultIdentifierGeneratorFactory:81] Registering IdentifierGenerator strategy [increment] -> [org.hibernate.id.IncrementGenerator]
[2021-10-30 22:21:37] [ DEBUG] [DefaultIdentifierGeneratorFactory:81] Registering IdentifierGenerator strategy [foreign] -> [org.hibernate.id.ForeignGenerator]
[2021-10-30 22:21:37] [ DEBUG] [DefaultIdentifierGeneratorFactory:81] Registering IdentifierGenerator strategy [sequence-identity] -> [org.hibernate.id.SequenceIdentityGenerator]
[2021-10-30 22:21:37] [ DEBUG] [DefaultIdentifierGeneratorFactory:81] Registering IdentifierGenerator strategy [enhanced-sequence] -> [org.hibernate.id.enhanced.SequenceStyleGenerator]
[2021-10-30 22:21:37] [ DEBUG] [DefaultIdentifierGeneratorFactory:81] Registering IdentifierGenerator strategy [enhanced-table] -> [org.hibernate.id.enhanced.TableGenerator]
[2021-10-30 22:21:37] [ WARN ] [pooling:72] HHH10001002: Using Hibernate built-in connection pool (not for production use!)
[2021-10-30 22:21:37] [ INFO ] [pooling:115] HHH10001005: using driver [com.mysql.jdbc.Driver] at URL [jdbc:mysql://localhost/empresa]
[2021-10-30 22:21:37] [ INFO ] [pooling:121] HHH10001001: Connection properties: {password=, user=root}
[2021-10-30 22:21:37] [ INFO ] [pooling:129] HHH10001003: Autocommit mode: false
[2021-10-30 22:21:37] [ DEBUG] [DriverManagerConnectionProviderImpl:384] Initializing Connection pool with 1 Connections
[2021-10-30 22:21:37] [ INFO ] [DriverManagerConnectionProviderImpl:249] HHH000115: Hibernate connection pool size: 1 (min=1)
[2021-10-30 22:21:37] [ DEBUG] [JdbcEnvironmentInitiator:72] Database ->
       name : MySQL
    version : 5.5.5-10.4.19-MariaDB
      major : 5
      minor : 5
[2021-10-30 22:21:37] [ DEBUG] [JdbcEnvironmentInitiator:83] Driver ->
       name : MySQL Connector/J
    version : mysql-connector-java-8.0.25 (Revision: 08be9e9b4cba6aa115f9b27b215887af40b159e0)
      major : 8
      minor : 0
[2021-10-30 22:21:37] [ DEBUG] [JdbcEnvironmentInitiator:389] JDBC version : 4.2
[2021-10-30 22:21:37] [ INFO ] [Dialect:172] HHH000400: Using dialect: org.hibernate.dialect.MySQLDialect
[2021-10-30 22:21:37] [ DEBUG] [IdentifierHelperBuilder:113] JDBC driver metadata reported database stores quoted identifiers in more than one case
[2021-10-30 22:21:37] [ DEBUG] [IdentifierHelperBuilder:187] IdentifierCaseStrategy for both quoted and unquoted identifiers was set to the same strategy [MIXED]; that will likely lead to problems in schema update and validation if using quoted identifiers
[2021-10-30 22:21:37] [ DEBUG] [Namespace:51] Created database namespace [logicalName=Name{catalog=null, schema=null}, physicalName=Name{catalog=null, schema=null}]
[2021-10-30 22:21:37] [ DEBUG] [TypeConfiguration$Scope:152] Scoping TypeConfiguration [org.hibernate.type.spi.TypeConfiguration@5d58c727] to MetadataBuildingContext [org.hibernate.boot.internal.MetadataBuildingContextRootImpl@52a36910]
[2021-10-30 22:21:37] [ ERROR] [HibernateUtil:30] HibernateUtil.buildSessionFactory(): Initial SessionFactory creation failed.
org.hibernate.boot.registry.classloading.spi.ClassLoadingException: Unable to load class [java.DTO.Empleado]
	at org.hibernate.boot.registry.classloading.internal.ClassLoaderServiceImpl.classForName(ClassLoaderServiceImpl.java:133)
	at org.hibernate.boot.model.source.internal.annotations.AnnotationMetadataSourceProcessorImpl.<init>(AnnotationMetadataSourceProcessorImpl.java:109)
	at org.hibernate.boot.model.process.spi.MetadataBuildingProcess$1.<init>(MetadataBuildingProcess.java:155)
	at org.hibernate.boot.model.process.spi.MetadataBuildingProcess.complete(MetadataBuildingProcess.java:149)
	at org.hibernate.boot.model.process.spi.MetadataBuildingProcess.build(MetadataBuildingProcess.java:83)
	at org.hibernate.boot.internal.MetadataBuilderImpl.build(MetadataBuilderImpl.java:473)
	at org.hibernate.boot.internal.MetadataBuilderImpl.build(MetadataBuilderImpl.java:84)
	at utils.HibernateUtil.buildSessionFactory(HibernateUtil.java:25)
	at utils.HibernateUtil.<clinit>(HibernateUtil.java:16)
	at principal.DepartamentoCON.menu(DepartamentoCON.java:23)
	at principal.main.main(main.java:21)
Caused by: java.lang.ClassNotFoundException: Could not load requested class : java.DTO.Empleado
	at org.hibernate.boot.registry.classloading.internal.AggregatedClassLoader.findClass(AggregatedClassLoader.java:210)
	at java.base/java.lang.ClassLoader.loadClass(ClassLoader.java:586)
	at java.base/java.lang.ClassLoader.loadClass(ClassLoader.java:519)
	at java.base/java.lang.Class.forName0(Native Method)
	at java.base/java.lang.Class.forName(Class.java:466)
	at org.hibernate.boot.registry.classloading.internal.ClassLoaderServiceImpl.classForName(ClassLoaderServiceImpl.java:130)
	... 10 more
[2021-10-30 22:22:27] [ DEBUG] [logging:112] Logging Provider: org.jboss.logging.Log4jLoggerProvider
[2021-10-30 22:22:28] [ DEBUG] [IntegratorServiceImpl:46] Adding Integrator [org.hibernate.cfg.beanvalidation.BeanValidationIntegrator].
[2021-10-30 22:22:28] [ DEBUG] [IntegratorServiceImpl:46] Adding Integrator [org.hibernate.secure.spi.JaccIntegrator].
[2021-10-30 22:22:28] [ DEBUG] [IntegratorServiceImpl:46] Adding Integrator [org.hibernate.cache.internal.CollectionCacheInvalidator].
[2021-10-30 22:22:28] [ INFO ] [Version:46] HHH000412: Hibernate Core {5.4.10.Final}
[2021-10-30 22:22:28] [ DEBUG] [Environment:199] HHH000206: hibernate.properties not found
[2021-10-30 22:22:28] [ DEBUG] [LocalXmlResourceResolver:57] Interpreting public/system identifier : [-//Hibernate/Hibernate Configuration DTD 3.0//EN] - [http://www.hibernate.org/dtd/hibernate-configuration-3.0.dtd]
[2021-10-30 22:22:28] [ DEBUG] [LocalXmlResourceResolver:85] Recognized hibernate-configuration identifier; attempting to resolve on classpath under org/hibernate/
[2021-10-30 22:22:28] [ DEBUG] [JaxbCfgProcessor:116] cfg.xml document did not define namespaces; wrapping in custom event reader to introduce namespace information
[2021-10-30 22:22:28] [ DEBUG] [ServiceBinding:68] Overriding existing service binding [org.hibernate.secure.spi.JaccService]
[2021-10-30 22:22:28] [ DEBUG] [RegionFactoryInitiator:118] Cannot default RegionFactory based on registered strategies as `[]` RegionFactory strategies were registered
[2021-10-30 22:22:28] [ DEBUG] [RegionFactoryInitiator:49] Cache region factory : org.hibernate.cache.internal.NoCachingRegionFactory
[2021-10-30 22:22:28] [ INFO ] [Version:49] HCANN000001: Hibernate Commons Annotations {5.1.0.Final}
[2021-10-30 22:22:28] [ DEBUG] [BasicTypeRegistry:156] Adding type registration boolean -> org.hibernate.type.BooleanType@6bb75258
[2021-10-30 22:22:28] [ DEBUG] [BasicTypeRegistry:156] Adding type registration boolean -> org.hibernate.type.BooleanType@6bb75258
[2021-10-30 22:22:28] [ DEBUG] [BasicTypeRegistry:156] Adding type registration java.lang.Boolean -> org.hibernate.type.BooleanType@6bb75258
[2021-10-30 22:22:28] [ DEBUG] [BasicTypeRegistry:156] Adding type registration numeric_boolean -> org.hibernate.type.NumericBooleanType@30990c1b
[2021-10-30 22:22:28] [ DEBUG] [BasicTypeRegistry:156] Adding type registration true_false -> org.hibernate.type.TrueFalseType@553f1d75
[2021-10-30 22:22:28] [ DEBUG] [BasicTypeRegistry:156] Adding type registration yes_no -> org.hibernate.type.YesNoType@4f071df8
[2021-10-30 22:22:28] [ DEBUG] [BasicTypeRegistry:156] Adding type registration byte -> org.hibernate.type.ByteType@62435e70
[2021-10-30 22:22:28] [ DEBUG] [BasicTypeRegistry:156] Adding type registration byte -> org.hibernate.type.ByteType@62435e70
[2021-10-30 22:22:28] [ DEBUG] [BasicTypeRegistry:156] Adding type registration java.lang.Byte -> org.hibernate.type.ByteType@62435e70
[2021-10-30 22:22:28] [ DEBUG] [BasicTypeRegistry:156] Adding type registration character -> org.hibernate.type.CharacterType@275fe372
[2021-10-30 22:22:28] [ DEBUG] [BasicTypeRegistry:156] Adding type registration char -> org.hibernate.type.CharacterType@275fe372
[2021-10-30 22:22:28] [ DEBUG] [BasicTypeRegistry:156] Adding type registration java.lang.Character -> org.hibernate.type.CharacterType@275fe372
[2021-10-30 22:22:28] [ DEBUG] [BasicTypeRegistry:156] Adding type registration short -> org.hibernate.type.ShortType@31e75d13
[2021-10-30 22:22:28] [ DEBUG] [BasicTypeRegistry:156] Adding type registration short -> org.hibernate.type.ShortType@31e75d13
[2021-10-30 22:22:28] [ DEBUG] [BasicTypeRegistry:156] Adding type registration java.lang.Short -> org.hibernate.type.ShortType@31e75d13
[2021-10-30 22:22:28] [ DEBUG] [BasicTypeRegistry:156] Adding type registration integer -> org.hibernate.type.IntegerType@2f9a01c1
[2021-10-30 22:22:28] [ DEBUG] [BasicTypeRegistry:156] Adding type registration int -> org.hibernate.type.IntegerType@2f9a01c1
[2021-10-30 22:22:28] [ DEBUG] [BasicTypeRegistry:156] Adding type registration java.lang.Integer -> org.hibernate.type.IntegerType@2f9a01c1
[2021-10-30 22:22:28] [ DEBUG] [BasicTypeRegistry:156] Adding type registration long -> org.hibernate.type.LongType@5778826f
[2021-10-30 22:22:28] [ DEBUG] [BasicTypeRegistry:156] Adding type registration long -> org.hibernate.type.LongType@5778826f
[2021-10-30 22:22:28] [ DEBUG] [BasicTypeRegistry:156] Adding type registration java.lang.Long -> org.hibernate.type.LongType@5778826f
[2021-10-30 22:22:28] [ DEBUG] [BasicTypeRegistry:156] Adding type registration float -> org.hibernate.type.FloatType@15c25153
[2021-10-30 22:22:28] [ DEBUG] [BasicTypeRegistry:156] Adding type registration float -> org.hibernate.type.FloatType@15c25153
[2021-10-30 22:22:28] [ DEBUG] [BasicTypeRegistry:156] Adding type registration java.lang.Float -> org.hibernate.type.FloatType@15c25153
[2021-10-30 22:22:28] [ DEBUG] [BasicTypeRegistry:156] Adding type registration double -> org.hibernate.type.DoubleType@5b408dc3
[2021-10-30 22:22:28] [ DEBUG] [BasicTypeRegistry:156] Adding type registration double -> org.hibernate.type.DoubleType@5b408dc3
[2021-10-30 22:22:28] [ DEBUG] [BasicTypeRegistry:156] Adding type registration java.lang.Double -> org.hibernate.type.DoubleType@5b408dc3
[2021-10-30 22:22:28] [ DEBUG] [BasicTypeRegistry:156] Adding type registration big_decimal -> org.hibernate.type.BigDecimalType@2692b61e
[2021-10-30 22:22:28] [ DEBUG] [BasicTypeRegistry:156] Adding type registration java.math.BigDecimal -> org.hibernate.type.BigDecimalType@2692b61e
[2021-10-30 22:22:28] [ DEBUG] [BasicTypeRegistry:156] Adding type registration big_integer -> org.hibernate.type.BigIntegerType@4f2613d1
[2021-10-30 22:22:28] [ DEBUG] [BasicTypeRegistry:156] Adding type registration java.math.BigInteger -> org.hibernate.type.BigIntegerType@4f2613d1
[2021-10-30 22:22:28] [ DEBUG] [BasicTypeRegistry:156] Adding type registration string -> org.hibernate.type.StringType@83298d7
[2021-10-30 22:22:28] [ DEBUG] [BasicTypeRegistry:156] Adding type registration java.lang.String -> org.hibernate.type.StringType@83298d7
[2021-10-30 22:22:28] [ DEBUG] [BasicTypeRegistry:156] Adding type registration nstring -> org.hibernate.type.StringNVarcharType@6b54655f
[2021-10-30 22:22:28] [ DEBUG] [BasicTypeRegistry:156] Adding type registration ncharacter -> org.hibernate.type.CharacterNCharType@2756c0a7
[2021-10-30 22:22:28] [ DEBUG] [BasicTypeRegistry:156] Adding type registration url -> org.hibernate.type.UrlType@6c8bca63
[2021-10-30 22:22:28] [ DEBUG] [BasicTypeRegistry:156] Adding type registration java.net.URL -> org.hibernate.type.UrlType@6c8bca63
[2021-10-30 22:22:28] [ DEBUG] [BasicTypeRegistry:156] Adding type registration Duration -> org.hibernate.type.DurationType@1c55f277
[2021-10-30 22:22:28] [ DEBUG] [BasicTypeRegistry:156] Adding type registration java.time.Duration -> org.hibernate.type.DurationType@1c55f277
[2021-10-30 22:22:28] [ DEBUG] [BasicTypeRegistry:156] Adding type registration Instant -> org.hibernate.type.InstantType@74e47444
[2021-10-30 22:22:28] [ DEBUG] [BasicTypeRegistry:156] Adding type registration java.time.Instant -> org.hibernate.type.InstantType@74e47444
[2021-10-30 22:22:28] [ DEBUG] [BasicTypeRegistry:156] Adding type registration LocalDateTime -> org.hibernate.type.LocalDateTimeType@18518ccf
[2021-10-30 22:22:28] [ DEBUG] [BasicTypeRegistry:156] Adding type registration java.time.LocalDateTime -> org.hibernate.type.LocalDateTimeType@18518ccf
[2021-10-30 22:22:28] [ DEBUG] [BasicTypeRegistry:156] Adding type registration LocalDate -> org.hibernate.type.LocalDateType@2488b073
[2021-10-30 22:22:28] [ DEBUG] [BasicTypeRegistry:156] Adding type registration java.time.LocalDate -> org.hibernate.type.LocalDateType@2488b073
[2021-10-30 22:22:28] [ DEBUG] [BasicTypeRegistry:156] Adding type registration LocalTime -> org.hibernate.type.LocalTimeType@3276732
[2021-10-30 22:22:28] [ DEBUG] [BasicTypeRegistry:156] Adding type registration java.time.LocalTime -> org.hibernate.type.LocalTimeType@3276732
[2021-10-30 22:22:28] [ DEBUG] [BasicTypeRegistry:156] Adding type registration OffsetDateTime -> org.hibernate.type.OffsetDateTimeType@18245eb0
[2021-10-30 22:22:28] [ DEBUG] [BasicTypeRegistry:156] Adding type registration java.time.OffsetDateTime -> org.hibernate.type.OffsetDateTimeType@18245eb0
[2021-10-30 22:22:28] [ DEBUG] [BasicTypeRegistry:156] Adding type registration OffsetTime -> org.hibernate.type.OffsetTimeType@4ae33a11
[2021-10-30 22:22:28] [ DEBUG] [BasicTypeRegistry:156] Adding type registration java.time.OffsetTime -> org.hibernate.type.OffsetTimeType@4ae33a11
[2021-10-30 22:22:28] [ DEBUG] [BasicTypeRegistry:156] Adding type registration ZonedDateTime -> org.hibernate.type.ZonedDateTimeType@4052274f
[2021-10-30 22:22:28] [ DEBUG] [BasicTypeRegistry:156] Adding type registration java.time.ZonedDateTime -> org.hibernate.type.ZonedDateTimeType@4052274f
[2021-10-30 22:22:28] [ DEBUG] [BasicTypeRegistry:156] Adding type registration date -> org.hibernate.type.DateType@741b3bc3
[2021-10-30 22:22:28] [ DEBUG] [BasicTypeRegistry:156] Adding type registration java.sql.Date -> org.hibernate.type.DateType@741b3bc3
[2021-10-30 22:22:28] [ DEBUG] [BasicTypeRegistry:156] Adding type registration time -> org.hibernate.type.TimeType@5b58ed3c
[2021-10-30 22:22:28] [ DEBUG] [BasicTypeRegistry:156] Adding type registration java.sql.Time -> org.hibernate.type.TimeType@5b58ed3c
[2021-10-30 22:22:28] [ DEBUG] [BasicTypeRegistry:156] Adding type registration timestamp -> org.hibernate.type.TimestampType@545de5a4
[2021-10-30 22:22:28] [ DEBUG] [BasicTypeRegistry:156] Adding type registration java.sql.Timestamp -> org.hibernate.type.TimestampType@545de5a4
[2021-10-30 22:22:28] [ DEBUG] [BasicTypeRegistry:156] Adding type registration java.util.Date -> org.hibernate.type.TimestampType@545de5a4
[2021-10-30 22:22:28] [ DEBUG] [BasicTypeRegistry:156] Adding type registration dbtimestamp -> org.hibernate.type.DbTimestampType@4648ce9
[2021-10-30 22:22:28] [ DEBUG] [BasicTypeRegistry:156] Adding type registration calendar -> org.hibernate.type.CalendarType@42b64ab8
[2021-10-30 22:22:28] [ DEBUG] [BasicTypeRegistry:156] Adding type registration java.util.Calendar -> org.hibernate.type.CalendarType@42b64ab8
[2021-10-30 22:22:28] [ DEBUG] [BasicTypeRegistry:156] Adding type registration java.util.GregorianCalendar -> org.hibernate.type.CalendarType@42b64ab8
[2021-10-30 22:22:28] [ DEBUG] [BasicTypeRegistry:156] Adding type registration calendar_date -> org.hibernate.type.CalendarDateType@d5ae57e
[2021-10-30 22:22:28] [ DEBUG] [BasicTypeRegistry:156] Adding type registration locale -> org.hibernate.type.LocaleType@6e16b8b5
[2021-10-30 22:22:28] [ DEBUG] [BasicTypeRegistry:156] Adding type registration java.util.Locale -> org.hibernate.type.LocaleType@6e16b8b5
[2021-10-30 22:22:28] [ DEBUG] [BasicTypeRegistry:156] Adding type registration currency -> org.hibernate.type.CurrencyType@44c79f32
[2021-10-30 22:22:28] [ DEBUG] [BasicTypeRegistry:156] Adding type registration java.util.Currency -> org.hibernate.type.CurrencyType@44c79f32
[2021-10-30 22:22:28] [ DEBUG] [BasicTypeRegistry:156] Adding type registration timezone -> org.hibernate.type.TimeZoneType@649725e3
[2021-10-30 22:22:28] [ DEBUG] [BasicTypeRegistry:156] Adding type registration java.util.TimeZone -> org.hibernate.type.TimeZoneType@649725e3
[2021-10-30 22:22:28] [ DEBUG] [BasicTypeRegistry:156] Adding type registration class -> org.hibernate.type.ClassType@4fad94a7
[2021-10-30 22:22:28] [ DEBUG] [BasicTypeRegistry:156] Adding type registration java.lang.Class -> org.hibernate.type.ClassType@4fad94a7
[2021-10-30 22:22:28] [ DEBUG] [BasicTypeRegistry:156] Adding type registration uuid-binary -> org.hibernate.type.UUIDBinaryType@7e809b79
[2021-10-30 22:22:28] [ DEBUG] [BasicTypeRegistry:156] Adding type registration java.util.UUID -> org.hibernate.type.UUIDBinaryType@7e809b79
[2021-10-30 22:22:28] [ DEBUG] [BasicTypeRegistry:156] Adding type registration uuid-char -> org.hibernate.type.UUIDCharType@89c10b7
[2021-10-30 22:22:28] [ DEBUG] [BasicTypeRegistry:156] Adding type registration binary -> org.hibernate.type.BinaryType@7fd4acee
[2021-10-30 22:22:28] [ DEBUG] [BasicTypeRegistry:156] Adding type registration byte[] -> org.hibernate.type.BinaryType@7fd4acee
[2021-10-30 22:22:28] [ DEBUG] [BasicTypeRegistry:156] Adding type registration [B -> org.hibernate.type.BinaryType@7fd4acee
[2021-10-30 22:22:28] [ DEBUG] [BasicTypeRegistry:156] Adding type registration wrapper-binary -> org.hibernate.type.WrapperBinaryType@76c7beb3
[2021-10-30 22:22:28] [ DEBUG] [BasicTypeRegistry:156] Adding type registration Byte[] -> org.hibernate.type.WrapperBinaryType@76c7beb3
[2021-10-30 22:22:28] [ DEBUG] [BasicTypeRegistry:156] Adding type registration [Ljava.lang.Byte; -> org.hibernate.type.WrapperBinaryType@76c7beb3
[2021-10-30 22:22:28] [ DEBUG] [BasicTypeRegistry:156] Adding type registration row_version -> org.hibernate.type.RowVersionType@5f2f577
[2021-10-30 22:22:28] [ DEBUG] [BasicTypeRegistry:156] Adding type registration image -> org.hibernate.type.ImageType@41a90fa8
[2021-10-30 22:22:28] [ DEBUG] [BasicTypeRegistry:156] Adding type registration characters -> org.hibernate.type.CharArrayType@4b85880b
[2021-10-30 22:22:28] [ DEBUG] [BasicTypeRegistry:156] Adding type registration char[] -> org.hibernate.type.CharArrayType@4b85880b
[2021-10-30 22:22:28] [ DEBUG] [BasicTypeRegistry:156] Adding type registration [C -> org.hibernate.type.CharArrayType@4b85880b
[2021-10-30 22:22:28] [ DEBUG] [BasicTypeRegistry:156] Adding type registration wrapper-characters -> org.hibernate.type.CharacterArrayType@f9d87b
[2021-10-30 22:22:28] [ DEBUG] [BasicTypeRegistry:156] Adding type registration [Ljava.lang.Character; -> org.hibernate.type.CharacterArrayType@f9d87b
[2021-10-30 22:22:28] [ DEBUG] [BasicTypeRegistry:156] Adding type registration Character[] -> org.hibernate.type.CharacterArrayType@f9d87b
[2021-10-30 22:22:28] [ DEBUG] [BasicTypeRegistry:156] Adding type registration text -> org.hibernate.type.TextType@70dd7e15
[2021-10-30 22:22:28] [ DEBUG] [BasicTypeRegistry:156] Adding type registration ntext -> org.hibernate.type.NTextType@5ac86ba5
[2021-10-30 22:22:28] [ DEBUG] [BasicTypeRegistry:156] Adding type registration blob -> org.hibernate.type.BlobType@5bda80bf
[2021-10-30 22:22:28] [ DEBUG] [BasicTypeRegistry:156] Adding type registration java.sql.Blob -> org.hibernate.type.BlobType@5bda80bf
[2021-10-30 22:22:28] [ DEBUG] [BasicTypeRegistry:156] Adding type registration materialized_blob -> org.hibernate.type.MaterializedBlobType@51df223b
[2021-10-30 22:22:28] [ DEBUG] [BasicTypeRegistry:156] Adding type registration clob -> org.hibernate.type.ClobType@1849db1a
[2021-10-30 22:22:28] [ DEBUG] [BasicTypeRegistry:156] Adding type registration java.sql.Clob -> org.hibernate.type.ClobType@1849db1a
[2021-10-30 22:22:28] [ DEBUG] [BasicTypeRegistry:156] Adding type registration nclob -> org.hibernate.type.NClobType@1d71006f
[2021-10-30 22:22:28] [ DEBUG] [BasicTypeRegistry:156] Adding type registration java.sql.NClob -> org.hibernate.type.NClobType@1d71006f
[2021-10-30 22:22:28] [ DEBUG] [BasicTypeRegistry:156] Adding type registration materialized_clob -> org.hibernate.type.MaterializedClobType@3ebff828
[2021-10-30 22:22:28] [ DEBUG] [BasicTypeRegistry:156] Adding type registration materialized_nclob -> org.hibernate.type.MaterializedNClobType@1e044120
[2021-10-30 22:22:28] [ DEBUG] [BasicTypeRegistry:156] Adding type registration serializable -> org.hibernate.type.SerializableType@7c22d4f
[2021-10-30 22:22:28] [ DEBUG] [BasicTypeRegistry:156] Adding type registration object -> org.hibernate.type.ObjectType@3af17be2
[2021-10-30 22:22:28] [ DEBUG] [BasicTypeRegistry:156] Adding type registration java.lang.Object -> org.hibernate.type.ObjectType@3af17be2
[2021-10-30 22:22:28] [ DEBUG] [BasicTypeRegistry:156] Adding type registration imm_date -> org.hibernate.type.AdaptedImmutableType@6e521c1e
[2021-10-30 22:22:28] [ DEBUG] [BasicTypeRegistry:156] Adding type registration imm_time -> org.hibernate.type.AdaptedImmutableType@224b4d61
[2021-10-30 22:22:28] [ DEBUG] [BasicTypeRegistry:156] Adding type registration imm_timestamp -> org.hibernate.type.AdaptedImmutableType@5d5d9e5
[2021-10-30 22:22:28] [ DEBUG] [BasicTypeRegistry:156] Adding type registration imm_dbtimestamp -> org.hibernate.type.AdaptedImmutableType@303e3593
[2021-10-30 22:22:28] [ DEBUG] [BasicTypeRegistry:156] Adding type registration imm_calendar -> org.hibernate.type.AdaptedImmutableType@4ef27d66
[2021-10-30 22:22:28] [ DEBUG] [BasicTypeRegistry:156] Adding type registration imm_calendar_date -> org.hibernate.type.AdaptedImmutableType@362a019c
[2021-10-30 22:22:28] [ DEBUG] [BasicTypeRegistry:156] Adding type registration imm_binary -> org.hibernate.type.AdaptedImmutableType@1d9bec4d
[2021-10-30 22:22:28] [ DEBUG] [BasicTypeRegistry:156] Adding type registration imm_serializable -> org.hibernate.type.AdaptedImmutableType@5c48c0c0
[2021-10-30 22:22:28] [ DEBUG] [DefaultIdentifierGeneratorFactory:81] Registering IdentifierGenerator strategy [uuid2] -> [org.hibernate.id.UUIDGenerator]
[2021-10-30 22:22:28] [ DEBUG] [DefaultIdentifierGeneratorFactory:81] Registering IdentifierGenerator strategy [guid] -> [org.hibernate.id.GUIDGenerator]
[2021-10-30 22:22:28] [ DEBUG] [DefaultIdentifierGeneratorFactory:81] Registering IdentifierGenerator strategy [uuid] -> [org.hibernate.id.UUIDHexGenerator]
[2021-10-30 22:22:28] [ DEBUG] [DefaultIdentifierGeneratorFactory:81] Registering IdentifierGenerator strategy [uuid.hex] -> [org.hibernate.id.UUIDHexGenerator]
[2021-10-30 22:22:28] [ DEBUG] [DefaultIdentifierGeneratorFactory:81] Registering IdentifierGenerator strategy [assigned] -> [org.hibernate.id.Assigned]
[2021-10-30 22:22:28] [ DEBUG] [DefaultIdentifierGeneratorFactory:81] Registering IdentifierGenerator strategy [identity] -> [org.hibernate.id.IdentityGenerator]
[2021-10-30 22:22:28] [ DEBUG] [DefaultIdentifierGeneratorFactory:81] Registering IdentifierGenerator strategy [select] -> [org.hibernate.id.SelectGenerator]
[2021-10-30 22:22:28] [ DEBUG] [DefaultIdentifierGeneratorFactory:81] Registering IdentifierGenerator strategy [sequence] -> [org.hibernate.id.enhanced.SequenceStyleGenerator]
[2021-10-30 22:22:28] [ DEBUG] [DefaultIdentifierGeneratorFactory:81] Registering IdentifierGenerator strategy [seqhilo] -> [org.hibernate.id.SequenceHiLoGenerator]
[2021-10-30 22:22:28] [ DEBUG] [DefaultIdentifierGeneratorFactory:81] Registering IdentifierGenerator strategy [increment] -> [org.hibernate.id.IncrementGenerator]
[2021-10-30 22:22:28] [ DEBUG] [DefaultIdentifierGeneratorFactory:81] Registering IdentifierGenerator strategy [foreign] -> [org.hibernate.id.ForeignGenerator]
[2021-10-30 22:22:28] [ DEBUG] [DefaultIdentifierGeneratorFactory:81] Registering IdentifierGenerator strategy [sequence-identity] -> [org.hibernate.id.SequenceIdentityGenerator]
[2021-10-30 22:22:28] [ DEBUG] [DefaultIdentifierGeneratorFactory:81] Registering IdentifierGenerator strategy [enhanced-sequence] -> [org.hibernate.id.enhanced.SequenceStyleGenerator]
[2021-10-30 22:22:28] [ DEBUG] [DefaultIdentifierGeneratorFactory:81] Registering IdentifierGenerator strategy [enhanced-table] -> [org.hibernate.id.enhanced.TableGenerator]
[2021-10-30 22:22:28] [ WARN ] [pooling:72] HHH10001002: Using Hibernate built-in connection pool (not for production use!)
[2021-10-30 22:22:28] [ INFO ] [pooling:115] HHH10001005: using driver [com.mysql.jdbc.Driver] at URL [jdbc:mysql://localhost/empresa]
[2021-10-30 22:22:28] [ INFO ] [pooling:121] HHH10001001: Connection properties: {password=, user=root}
[2021-10-30 22:22:28] [ INFO ] [pooling:129] HHH10001003: Autocommit mode: false
[2021-10-30 22:22:28] [ DEBUG] [DriverManagerConnectionProviderImpl:384] Initializing Connection pool with 1 Connections
[2021-10-30 22:22:28] [ INFO ] [DriverManagerConnectionProviderImpl:249] HHH000115: Hibernate connection pool size: 1 (min=1)
[2021-10-30 22:22:28] [ DEBUG] [JdbcEnvironmentInitiator:72] Database ->
       name : MySQL
    version : 5.5.5-10.4.19-MariaDB
      major : 5
      minor : 5
[2021-10-30 22:22:28] [ DEBUG] [JdbcEnvironmentInitiator:83] Driver ->
       name : MySQL Connector/J
    version : mysql-connector-java-8.0.25 (Revision: 08be9e9b4cba6aa115f9b27b215887af40b159e0)
      major : 8
      minor : 0
[2021-10-30 22:22:28] [ DEBUG] [JdbcEnvironmentInitiator:389] JDBC version : 4.2
[2021-10-30 22:22:28] [ INFO ] [Dialect:172] HHH000400: Using dialect: org.hibernate.dialect.MySQLDialect
[2021-10-30 22:22:28] [ DEBUG] [IdentifierHelperBuilder:113] JDBC driver metadata reported database stores quoted identifiers in more than one case
[2021-10-30 22:22:28] [ DEBUG] [IdentifierHelperBuilder:187] IdentifierCaseStrategy for both quoted and unquoted identifiers was set to the same strategy [MIXED]; that will likely lead to problems in schema update and validation if using quoted identifiers
[2021-10-30 22:22:29] [ DEBUG] [Namespace:51] Created database namespace [logicalName=Name{catalog=null, schema=null}, physicalName=Name{catalog=null, schema=null}]
[2021-10-30 22:22:29] [ DEBUG] [TypeConfiguration$Scope:152] Scoping TypeConfiguration [org.hibernate.type.spi.TypeConfiguration@5d58c727] to MetadataBuildingContext [org.hibernate.boot.internal.MetadataBuildingContextRootImpl@52a36910]
[2021-10-30 22:22:29] [ DEBUG] [AnnotationBinder:557] Binding entity from annotated class: DTO.Empleado
[2021-10-30 22:22:29] [ DEBUG] [Ejb3Column:213] Binding column: Ejb3DiscriminatorColumn{logicalColumnName'DTYPE', discriminatorTypeName='string'}
[2021-10-30 22:22:29] [ DEBUG] [EntityBinder:430] Import with entity name Empleado
[2021-10-30 22:22:29] [ DEBUG] [Namespace:51] Created database namespace [logicalName=Name{catalog=empresa, schema=null}, physicalName=Name{catalog=empresa, schema=null}]
[2021-10-30 22:22:29] [ DEBUG] [EntityBinder:873] Bind entity DTO.Empleado on table empleado
[2021-10-30 22:22:29] [ DEBUG] [Ejb3Column:213] Binding column: Ejb3Column{table=org.hibernate.mapping.Table(empresa.empleado), mappingColumn=codigo, insertable=true, updatable=true, unique=true}
[2021-10-30 22:22:29] [ DEBUG] [PropertyBinder:175] MetadataSourceProcessor property codigo with lazy=false
[2021-10-30 22:22:29] [ DEBUG] [AbstractPropertyHolder:94] Attempting to locate auto-apply AttributeConverter for property [DTO.Empleado:codigo]
[2021-10-30 22:22:29] [ DEBUG] [SimpleValueBinder:411] building SimpleValue for codigo
[2021-10-30 22:22:29] [ DEBUG] [PropertyBinder:266] Building property codigo
[2021-10-30 22:22:29] [ DEBUG] [BinderHelper:644] #makeIdGenerator(org.hibernate.mapping.SimpleValue([org.hibernate.mapping.Column(codigo)]), codigo, assigned, , ...)
[2021-10-30 22:22:29] [ DEBUG] [Ejb3Column:213] Binding column: Ejb3Column{table=org.hibernate.mapping.Table(empresa.empleado), mappingColumn=apellido1, insertable=true, updatable=true, unique=false}
[2021-10-30 22:22:29] [ DEBUG] [PropertyBinder:175] MetadataSourceProcessor property apellido1 with lazy=false
[2021-10-30 22:22:29] [ DEBUG] [AbstractPropertyHolder:94] Attempting to locate auto-apply AttributeConverter for property [DTO.Empleado:apellido1]
[2021-10-30 22:22:29] [ DEBUG] [SimpleValueBinder:411] building SimpleValue for apellido1
[2021-10-30 22:22:29] [ DEBUG] [PropertyBinder:266] Building property apellido1
[2021-10-30 22:22:29] [ DEBUG] [Ejb3Column:213] Binding column: Ejb3Column{table=org.hibernate.mapping.Table(empresa.empleado), mappingColumn=apellido2, insertable=true, updatable=true, unique=false}
[2021-10-30 22:22:29] [ DEBUG] [PropertyBinder:175] MetadataSourceProcessor property apellido2 with lazy=false
[2021-10-30 22:22:29] [ DEBUG] [AbstractPropertyHolder:94] Attempting to locate auto-apply AttributeConverter for property [DTO.Empleado:apellido2]
[2021-10-30 22:22:29] [ DEBUG] [SimpleValueBinder:411] building SimpleValue for apellido2
[2021-10-30 22:22:29] [ DEBUG] [PropertyBinder:266] Building property apellido2
[2021-10-30 22:22:29] [ DEBUG] [Ejb3Column:213] Binding column: Ejb3Column{table=org.hibernate.mapping.Table(empresa.empleado), mappingColumn=cod_departamento, insertable=true, updatable=true, unique=false}
[2021-10-30 22:22:29] [ DEBUG] [PropertyBinder:175] MetadataSourceProcessor property codDepartamento with lazy=false
[2021-10-30 22:22:29] [ DEBUG] [AbstractPropertyHolder:94] Attempting to locate auto-apply AttributeConverter for property [DTO.Empleado:codDepartamento]
[2021-10-30 22:22:29] [ DEBUG] [SimpleValueBinder:411] building SimpleValue for codDepartamento
[2021-10-30 22:22:29] [ DEBUG] [PropertyBinder:266] Building property codDepartamento
[2021-10-30 22:22:29] [ DEBUG] [Ejb3Column:213] Binding column: Ejb3Column{table=org.hibernate.mapping.Table(empresa.empleado), mappingColumn=direccion, insertable=true, updatable=true, unique=false}
[2021-10-30 22:22:29] [ DEBUG] [PropertyBinder:175] MetadataSourceProcessor property direccion with lazy=false
[2021-10-30 22:22:29] [ DEBUG] [AbstractPropertyHolder:94] Attempting to locate auto-apply AttributeConverter for property [DTO.Empleado:direccion]
[2021-10-30 22:22:29] [ DEBUG] [SimpleValueBinder:411] building SimpleValue for direccion
[2021-10-30 22:22:29] [ DEBUG] [PropertyBinder:266] Building property direccion
[2021-10-30 22:22:29] [ DEBUG] [Ejb3Column:213] Binding column: Ejb3Column{table=org.hibernate.mapping.Table(empresa.empleado), mappingColumn=fecha_nacimiento, insertable=true, updatable=true, unique=false}
[2021-10-30 22:22:29] [ DEBUG] [PropertyBinder:175] MetadataSourceProcessor property fechaNacimiento with lazy=false
[2021-10-30 22:22:29] [ DEBUG] [AbstractPropertyHolder:94] Attempting to locate auto-apply AttributeConverter for property [DTO.Empleado:fechaNacimiento]
[2021-10-30 22:22:29] [ DEBUG] [SimpleValueBinder:411] building SimpleValue for fechaNacimiento
[2021-10-30 22:22:29] [ DEBUG] [PropertyBinder:266] Building property fechaNacimiento
[2021-10-30 22:22:29] [ DEBUG] [Ejb3Column:213] Binding column: Ejb3Column{table=org.hibernate.mapping.Table(empresa.empleado), mappingColumn=lugar_nacimiento, insertable=true, updatable=true, unique=false}
[2021-10-30 22:22:29] [ DEBUG] [PropertyBinder:175] MetadataSourceProcessor property lugarNacimiento with lazy=false
[2021-10-30 22:22:29] [ DEBUG] [AbstractPropertyHolder:94] Attempting to locate auto-apply AttributeConverter for property [DTO.Empleado:lugarNacimiento]
[2021-10-30 22:22:29] [ DEBUG] [SimpleValueBinder:411] building SimpleValue for lugarNacimiento
[2021-10-30 22:22:29] [ DEBUG] [PropertyBinder:266] Building property lugarNacimiento
[2021-10-30 22:22:29] [ DEBUG] [Ejb3Column:213] Binding column: Ejb3Column{table=org.hibernate.mapping.Table(empresa.empleado), mappingColumn=nombre, insertable=true, updatable=true, unique=false}
[2021-10-30 22:22:29] [ DEBUG] [PropertyBinder:175] MetadataSourceProcessor property nombre with lazy=false
[2021-10-30 22:22:29] [ DEBUG] [AbstractPropertyHolder:94] Attempting to locate auto-apply AttributeConverter for property [DTO.Empleado:nombre]
[2021-10-30 22:22:29] [ DEBUG] [SimpleValueBinder:411] building SimpleValue for nombre
[2021-10-30 22:22:29] [ DEBUG] [PropertyBinder:266] Building property nombre
[2021-10-30 22:22:29] [ DEBUG] [Ejb3Column:213] Binding column: Ejb3Column{table=org.hibernate.mapping.Table(empresa.empleado), mappingColumn=puesto, insertable=true, updatable=true, unique=false}
[2021-10-30 22:22:29] [ DEBUG] [PropertyBinder:175] MetadataSourceProcessor property puesto with lazy=false
[2021-10-30 22:22:29] [ DEBUG] [AbstractPropertyHolder:94] Attempting to locate auto-apply AttributeConverter for property [DTO.Empleado:puesto]
[2021-10-30 22:22:29] [ DEBUG] [SimpleValueBinder:411] building SimpleValue for puesto
[2021-10-30 22:22:29] [ DEBUG] [PropertyBinder:266] Building property puesto
[2021-10-30 22:22:29] [ DEBUG] [Ejb3Column:213] Binding column: Ejb3Column{table=org.hibernate.mapping.Table(empresa.empleado), mappingColumn=telefono, insertable=true, updatable=true, unique=false}
[2021-10-30 22:22:29] [ DEBUG] [PropertyBinder:175] MetadataSourceProcessor property telefono with lazy=false
[2021-10-30 22:22:29] [ DEBUG] [AbstractPropertyHolder:94] Attempting to locate auto-apply AttributeConverter for property [DTO.Empleado:telefono]
[2021-10-30 22:22:29] [ DEBUG] [SimpleValueBinder:411] building SimpleValue for telefono
[2021-10-30 22:22:29] [ DEBUG] [PropertyBinder:266] Building property telefono
[2021-10-30 22:22:29] [ DEBUG] [AnnotationBinder:557] Binding entity from annotated class: DTO.Departamento
[2021-10-30 22:22:29] [ DEBUG] [Ejb3Column:213] Binding column: Ejb3DiscriminatorColumn{logicalColumnName'DTYPE', discriminatorTypeName='string'}
[2021-10-30 22:22:29] [ DEBUG] [EntityBinder:430] Import with entity name Departamento
[2021-10-30 22:22:29] [ DEBUG] [EntityBinder:873] Bind entity DTO.Departamento on table departamento
[2021-10-30 22:22:29] [ DEBUG] [Ejb3Column:213] Binding column: Ejb3Column{table=org.hibernate.mapping.Table(empresa.departamento), mappingColumn=codigo, insertable=true, updatable=true, unique=true}
[2021-10-30 22:22:29] [ DEBUG] [PropertyBinder:175] MetadataSourceProcessor property codigo with lazy=false
[2021-10-30 22:22:29] [ DEBUG] [AbstractPropertyHolder:94] Attempting to locate auto-apply AttributeConverter for property [DTO.Departamento:codigo]
[2021-10-30 22:22:29] [ DEBUG] [SimpleValueBinder:411] building SimpleValue for codigo
[2021-10-30 22:22:29] [ DEBUG] [PropertyBinder:266] Building property codigo
[2021-10-30 22:22:29] [ DEBUG] [BinderHelper:644] #makeIdGenerator(org.hibernate.mapping.SimpleValue([org.hibernate.mapping.Column(codigo)]), codigo, assigned, , ...)
[2021-10-30 22:22:29] [ DEBUG] [Ejb3Column:213] Binding column: Ejb3Column{table=org.hibernate.mapping.Table(empresa.departamento), mappingColumn=cod_responsable, insertable=true, updatable=true, unique=false}
[2021-10-30 22:22:29] [ DEBUG] [PropertyBinder:175] MetadataSourceProcessor property codResponsable with lazy=false
[2021-10-30 22:22:29] [ DEBUG] [AbstractPropertyHolder:94] Attempting to locate auto-apply AttributeConverter for property [DTO.Departamento:codResponsable]
[2021-10-30 22:22:29] [ DEBUG] [SimpleValueBinder:411] building SimpleValue for codResponsable
[2021-10-30 22:22:29] [ DEBUG] [PropertyBinder:266] Building property codResponsable
[2021-10-30 22:22:29] [ DEBUG] [Ejb3Column:213] Binding column: Ejb3Column{table=org.hibernate.mapping.Table(empresa.departamento), mappingColumn=nombre, insertable=true, updatable=true, unique=false}
[2021-10-30 22:22:29] [ DEBUG] [PropertyBinder:175] MetadataSourceProcessor property nombre with lazy=false
[2021-10-30 22:22:29] [ DEBUG] [AbstractPropertyHolder:94] Attempting to locate auto-apply AttributeConverter for property [DTO.Departamento:nombre]
[2021-10-30 22:22:29] [ DEBUG] [SimpleValueBinder:411] building SimpleValue for nombre
[2021-10-30 22:22:29] [ DEBUG] [PropertyBinder:266] Building property nombre
[2021-10-30 22:22:29] [ DEBUG] [SimpleValueBinder:456] Starting fillSimpleValue for codigo
[2021-10-30 22:22:29] [ DEBUG] [SimpleValueBinder:456] Starting fillSimpleValue for apellido1
[2021-10-30 22:22:29] [ DEBUG] [SimpleValueBinder:456] Starting fillSimpleValue for apellido2
[2021-10-30 22:22:29] [ DEBUG] [SimpleValueBinder:456] Starting fillSimpleValue for codDepartamento
[2021-10-30 22:22:29] [ DEBUG] [SimpleValueBinder:456] Starting fillSimpleValue for direccion
[2021-10-30 22:22:29] [ DEBUG] [SimpleValueBinder:456] Starting fillSimpleValue for fechaNacimiento
[2021-10-30 22:22:29] [ DEBUG] [SimpleValueBinder:456] Starting fillSimpleValue for lugarNacimiento
[2021-10-30 22:22:29] [ DEBUG] [SimpleValueBinder:456] Starting fillSimpleValue for nombre
[2021-10-30 22:22:29] [ DEBUG] [SimpleValueBinder:456] Starting fillSimpleValue for puesto
[2021-10-30 22:22:29] [ DEBUG] [SimpleValueBinder:456] Starting fillSimpleValue for telefono
[2021-10-30 22:22:29] [ DEBUG] [SimpleValueBinder:456] Starting fillSimpleValue for codigo
[2021-10-30 22:22:29] [ DEBUG] [SimpleValueBinder:456] Starting fillSimpleValue for codResponsable
[2021-10-30 22:22:29] [ DEBUG] [SimpleValueBinder:456] Starting fillSimpleValue for nombre
[2021-10-30 22:22:29] [ DEBUG] [PrimaryKey:35] Forcing column [codigo] to be non-null as it is part of the primary key for table [empleado]
[2021-10-30 22:22:29] [ DEBUG] [PrimaryKey:35] Forcing column [codigo] to be non-null as it is part of the primary key for table [departamento]
[2021-10-30 22:22:29] [ DEBUG] [SessionFactoryImpl:207] Building session factory
[2021-10-30 22:22:29] [ DEBUG] [Settings:68] SessionFactory name : null
[2021-10-30 22:22:29] [ DEBUG] [Settings:69] Automatic flush during beforeCompletion(): enabled
[2021-10-30 22:22:29] [ DEBUG] [Settings:70] Automatic session close at end of transaction: disabled
[2021-10-30 22:22:29] [ DEBUG] [Settings:72] Statistics: disabled
[2021-10-30 22:22:29] [ DEBUG] [Settings:74] Deleted entity synthetic identifier rollback: disabled
[2021-10-30 22:22:29] [ DEBUG] [Settings:75] Default entity-mode: pojo
[2021-10-30 22:22:29] [ DEBUG] [Settings:76] Check Nullability in Core (should be disabled when Bean Validation is on): enabled
[2021-10-30 22:22:29] [ DEBUG] [Settings:77] Allow initialization of lazy state outside session : disabled
[2021-10-30 22:22:29] [ DEBUG] [Settings:79] Using BatchFetchStyle : LEGACY
[2021-10-30 22:22:29] [ DEBUG] [Settings:80] Default batch fetch size: -1
[2021-10-30 22:22:29] [ DEBUG] [Settings:81] Maximum outer join fetch depth: 2
[2021-10-30 22:22:29] [ DEBUG] [Settings:82] Default null ordering: NONE
[2021-10-30 22:22:29] [ DEBUG] [Settings:83] Order SQL updates by primary key: disabled
[2021-10-30 22:22:29] [ DEBUG] [Settings:84] Order SQL inserts for batching: disabled
[2021-10-30 22:22:29] [ DEBUG] [Settings:86] multi-tenancy strategy : NONE
[2021-10-30 22:22:29] [ DEBUG] [Settings:88] JTA Track by Thread: enabled
[2021-10-30 22:22:29] [ DEBUG] [Settings:90] Query language substitutions: {}
[2021-10-30 22:22:29] [ DEBUG] [Settings:91] Named query checking : enabled
[2021-10-30 22:22:29] [ DEBUG] [Settings:93] Second-level cache: disabled
[2021-10-30 22:22:29] [ DEBUG] [Settings:94] Second-level query cache: disabled
[2021-10-30 22:22:29] [ DEBUG] [Settings:95] Second-level query cache factory: null
[2021-10-30 22:22:29] [ DEBUG] [Settings:96] Second-level cache region prefix: null
[2021-10-30 22:22:29] [ DEBUG] [Settings:97] Optimize second-level cache for minimal puts: disabled
[2021-10-30 22:22:29] [ DEBUG] [Settings:98] Structured second-level cache entries: disabled
[2021-10-30 22:22:29] [ DEBUG] [Settings:99] Second-level cache direct-reference entries: disabled
[2021-10-30 22:22:29] [ DEBUG] [Settings:100] Automatic eviction of collection cache: disabled
[2021-10-30 22:22:29] [ DEBUG] [Settings:102] JDBC batch size: 15
[2021-10-30 22:22:29] [ DEBUG] [Settings:103] JDBC batch updates for versioned data: enabled
[2021-10-30 22:22:29] [ DEBUG] [Settings:104] Scrollable result sets: enabled
[2021-10-30 22:22:29] [ DEBUG] [Settings:105] Wrap result sets: disabled
[2021-10-30 22:22:29] [ DEBUG] [Settings:106] JDBC3 getGeneratedKeys(): enabled
[2021-10-30 22:22:29] [ DEBUG] [Settings:107] JDBC result set fetch size: null
[2021-10-30 22:22:29] [ DEBUG] [Settings:108] Connection release mode: AFTER_TRANSACTION
[2021-10-30 22:22:29] [ DEBUG] [Settings:109] Generate SQL with comments: disabled
[2021-10-30 22:22:29] [ DEBUG] [Settings:111] JPA compliance - query : disabled
[2021-10-30 22:22:29] [ DEBUG] [Settings:112] JPA compliance - closed-handling : disabled
[2021-10-30 22:22:29] [ DEBUG] [Settings:113] JPA compliance - lists : disabled
[2021-10-30 22:22:29] [ DEBUG] [Settings:114] JPA compliance - transactions : disabled
[2021-10-30 22:22:29] [ DEBUG] [SessionFactoryImpl:262] Session factory constructed with filter configurations : {}
[2021-10-30 22:22:29] [ DEBUG] [SessionFactoryImpl:263] Instantiating session factory with properties: {java.specification.version=16, hibernate.dbcp.maxIdle=10, sun.jnu.encoding=UTF-8, hibernate.dialect=org.hibernate.dialect.MySQLDialect, java.class.path=/Users/miguelperezleon/eclipse-workspace/Prueba/target/classes:/Users/miguelperezleon/.m2/repository/log4j/log4j/1.2.17/log4j-1.2.17.jar:/Users/miguelperezleon/.m2/repository/log4j/apache-log4j-extras/1.2.17/apache-log4j-extras-1.2.17.jar:/Users/miguelperezleon/.m2/repository/mysql/mysql-connector-java/8.0.25/mysql-connector-java-8.0.25.jar:/Users/miguelperezleon/.m2/repository/com/google/protobuf/protobuf-java/3.11.4/protobuf-java-3.11.4.jar:/Users/miguelperezleon/.m2/repository/org/hibernate/hibernate-core/5.4.10.Final/hibernate-core-5.4.10.Final.jar:/Users/miguelperezleon/.m2/repository/org/jboss/logging/jboss-logging/3.3.2.Final/jboss-logging-3.3.2.Final.jar:/Users/miguelperezleon/.m2/repository/javax/persistence/javax.persistence-api/2.2/javax.persistence-api-2.2.jar:/Users/miguelperezleon/.m2/repository/org/javassist/javassist/3.24.0-GA/javassist-3.24.0-GA.jar:/Users/miguelperezleon/.m2/repository/net/bytebuddy/byte-buddy/1.10.2/byte-buddy-1.10.2.jar:/Users/miguelperezleon/.m2/repository/antlr/antlr/2.7.7/antlr-2.7.7.jar:/Users/miguelperezleon/.m2/repository/org/jboss/spec/javax/transaction/jboss-transaction-api_1.2_spec/1.1.1.Final/jboss-transaction-api_1.2_spec-1.1.1.Final.jar:/Users/miguelperezleon/.m2/repository/org/jboss/jandex/2.1.1.Final/jandex-2.1.1.Final.jar:/Users/miguelperezleon/.m2/repository/com/fasterxml/classmate/1.5.1/classmate-1.5.1.jar:/Users/miguelperezleon/.m2/repository/javax/activation/javax.activation-api/1.2.0/javax.activation-api-1.2.0.jar:/Users/miguelperezleon/.m2/repository/org/dom4j/dom4j/2.1.1/dom4j-2.1.1.jar:/Users/miguelperezleon/.m2/repository/org/hibernate/common/hibernate-commons-annotations/5.1.0.Final/hibernate-commons-annotations-5.1.0.Final.jar:/Users/miguelperezleon/.m2/repository/javax/xml/bind/jaxb-api/2.3.1/jaxb-api-2.3.1.jar:/Users/miguelperezleon/.m2/repository/org/glassfish/jaxb/jaxb-runtime/2.3.1/jaxb-runtime-2.3.1.jar:/Users/miguelperezleon/.m2/repository/org/glassfish/jaxb/txw2/2.3.1/txw2-2.3.1.jar:/Users/miguelperezleon/.m2/repository/com/sun/istack/istack-commons-runtime/3.0.7/istack-commons-runtime-3.0.7.jar:/Users/miguelperezleon/.m2/repository/org/jvnet/staxex/stax-ex/1.8/stax-ex-1.8.jar:/Users/miguelperezleon/.m2/repository/com/sun/xml/fastinfoset/FastInfoset/1.2.15/FastInfoset-1.2.15.jar, java.vm.vendor=Oracle Corporation, sun.arch.data.model=64, java.vendor.url=https://java.oracle.com/, user.timezone=Europe/Madrid, hibernate.dbcp.maxWaitMillis=-1, java.vm.specification.version=16, os.name=Mac OS X, sun.java.launcher=SUN_STANDARD, user.country=ES, sun.boot.library.path=/Users/miguelperezleon/.p2/pool/plugins/org.eclipse.justj.openjdk.hotspot.jre.full.macosx.x86_64_16.0.2.v20210721-1149/jre/lib, sun.java.command=principal.main, http.nonProxyHosts=local|*.local|169.254/16|*.169.254/16, jdk.debug=release, sun.cpu.endian=little, user.home=/Users/miguelperezleon, user.language=es, java.specification.vendor=Oracle Corporation, java.version.date=2021-07-20, java.home=/Users/miguelperezleon/.p2/pool/plugins/org.eclipse.justj.openjdk.hotspot.jre.full.macosx.x86_64_16.0.2.v20210721-1149/jre, hibernate.validator.apply_to_ddl=false, file.separator=/, java.vm.compressedOopsMode=Zero based, line.separator=
, java.vm.specification.vendor=Oracle Corporation, java.specification.name=Java Platform API Specification, hibernate.hbm2ddl.auto=none, sun.management.compiler=HotSpot 64-Bit Tiered Compilers, ftp.nonProxyHosts=local|*.local|169.254/16|*.169.254/16, java.runtime.version=16.0.2+7-67, user.name=miguelperezleon, path.separator=:, hibernate.connection.username=****, hibernate.dbcp.minIdle=5, os.version=10.16, java.runtime.name=OpenJDK Runtime Environment, hibernate.search.autoregister_listeners=true, hibernate.connection.url=jdbc:mysql://localhost/empresa, file.encoding=UTF-8, java.vm.name=OpenJDK 64-Bit Server VM, hibernate.show_sql=true, hibernate.dbcp.initialSize=5, hibernate.dbcp.maxTotal=20, hibernate.current_session_context_class=thread, hibernate.connection.driver_class=com.mysql.jdbc.Driver, java.vendor.url.bug=https://bugreport.java.com/bugreport/, java.io.tmpdir=/var/folders/n8/pmv9dtk93cz41fnfjs18j3dr0000gn/T/, java.version=16.0.2, user.dir=/Users/miguelperezleon/eclipse-workspace/Prueba, os.arch=x86_64, java.vm.specification.name=Java Virtual Machine Specification, hibernate.connection.password=****, hibernate.boot.CfgXmlAccessService.key=org.hibernate.boot.cfgxml.spi.LoadedConfig@7fc7c4a, java.library.path=/Users/miguelperezleon/Library/Java/Extensions:/Library/Java/Extensions:/Network/Library/Java/Extensions:/System/Library/Java/Extensions:/usr/lib/java:., java.vendor=Oracle Corporation, java.vm.info=mixed mode, java.vm.version=16.0.2+7-67, hibernate.bytecode.use_reflection_optimizer=false, sun.io.unicode.encoding=UnicodeBig, hibernate.connection.pool_size=1, socksNonProxyHosts=local|*.local|169.254/16|*.169.254/16, java.class.version=60.0}
[2021-10-30 22:22:29] [ DEBUG] [JaccIntegrator:80] Skipping JACC integration as it was not enabled
[2021-10-30 22:22:29] [ DEBUG] [SessionFactoryImpl:302] Instantiated session factory
[2021-10-30 22:22:29] [ DEBUG] [TypeConfiguration$Scope:157] Scoping TypeConfiguration [org.hibernate.type.spi.TypeConfiguration@5d58c727] to SessionFactoryImpl [org.hibernate.internal.SessionFactoryImpl@7c129ef6]
[2021-10-30 22:22:29] [ DEBUG] [ClassLoaderAccessImpl:60] Not known whether passed class name [DTO.Departamento] is safe
[2021-10-30 22:22:29] [ DEBUG] [ClassLoaderAccessImpl:62] No temp ClassLoader provided; using live ClassLoader for loading potentially unsafe class : DTO.Departamento
[2021-10-30 22:22:29] [ DEBUG] [ClassLoaderAccessImpl:60] Not known whether passed class name [DTO.Departamento] is safe
[2021-10-30 22:22:29] [ DEBUG] [ClassLoaderAccessImpl:62] No temp ClassLoader provided; using live ClassLoader for loading potentially unsafe class : DTO.Departamento
[2021-10-30 22:22:29] [ DEBUG] [ClassLoaderAccessImpl:60] Not known whether passed class name [DTO.Empleado] is safe
[2021-10-30 22:22:29] [ DEBUG] [ClassLoaderAccessImpl:62] No temp ClassLoader provided; using live ClassLoader for loading potentially unsafe class : DTO.Empleado
[2021-10-30 22:22:29] [ DEBUG] [ClassLoaderAccessImpl:60] Not known whether passed class name [DTO.Empleado] is safe
[2021-10-30 22:22:29] [ DEBUG] [ClassLoaderAccessImpl:62] No temp ClassLoader provided; using live ClassLoader for loading potentially unsafe class : DTO.Empleado
[2021-10-30 22:22:29] [ DEBUG] [AbstractEntityPersister:3847] Static SQL for entity: DTO.Departamento
[2021-10-30 22:22:29] [ DEBUG] [AbstractEntityPersister:3852]  Version select: select codigo from empresa.departamento where codigo =?
[2021-10-30 22:22:29] [ DEBUG] [AbstractEntityPersister:3855]  Snapshot select: select departamen_.codigo, departamen_.cod_responsable as cod_resp2_0_, departamen_.nombre as nombre3_0_ from empresa.departamento departamen_ where departamen_.codigo=?
[2021-10-30 22:22:29] [ DEBUG] [AbstractEntityPersister:394]  Insert 0: insert into empresa.departamento (cod_responsable, nombre, codigo) values (?, ?, ?)
[2021-10-30 22:22:29] [ DEBUG] [AbstractEntityPersister:394]  Update 0: update empresa.departamento set cod_responsable=?, nombre=? where codigo=?
[2021-10-30 22:22:29] [ DEBUG] [AbstractEntityPersister:394]  Delete 0: delete from empresa.departamento where codigo=?
[2021-10-30 22:22:29] [ DEBUG] [QuerySpacesImpl:174] Adding QuerySpace : uid = <gen:0> -> org.hibernate.loader.plan.build.internal.spaces.EntityQuerySpaceImpl@423c5404]
[2021-10-30 22:22:29] [ DEBUG] [MetamodelGraphWalker:146] Visiting attribute path : codResponsable
[2021-10-30 22:22:29] [ DEBUG] [MetamodelGraphWalker:146] Visiting attribute path : nombre
[2021-10-30 22:22:29] [ DEBUG] [FetchStyleLoadPlanBuildingAssociationVisitationStrategy:150] Building LoadPlan...
[2021-10-30 22:22:29] [ DEBUG] [LoadQueryJoinAndFetchProcessor:102] processing queryspace <gen:0>
[2021-10-30 22:22:29] [ DEBUG] [LoadPlanTreePrinter:55] LoadPlan(entity=DTO.Departamento)
    - Returns
       - EntityReturnImpl(entity=DTO.Departamento, querySpaceUid=<gen:0>, path=DTO.Departamento)
    - QuerySpaces
       - EntityQuerySpaceImpl(uid=<gen:0>, entity=DTO.Departamento)
          - SQL table alias mapping - departamen0_
          - alias suffix - 0_
          - suffixed key columns - {codigo1_0_0_}

[2021-10-30 22:22:29] [ DEBUG] [EntityLoader:137] Static select for entity DTO.Departamento [NONE]: select departamen0_.codigo as codigo1_0_0_, departamen0_.cod_responsable as cod_resp2_0_0_, departamen0_.nombre as nombre3_0_0_ from empresa.departamento departamen0_ where departamen0_.codigo=?
[2021-10-30 22:22:29] [ DEBUG] [QuerySpacesImpl:174] Adding QuerySpace : uid = <gen:0> -> org.hibernate.loader.plan.build.internal.spaces.EntityQuerySpaceImpl@35ee466f]
[2021-10-30 22:22:29] [ DEBUG] [MetamodelGraphWalker:146] Visiting attribute path : codResponsable
[2021-10-30 22:22:29] [ DEBUG] [MetamodelGraphWalker:146] Visiting attribute path : nombre
[2021-10-30 22:22:29] [ DEBUG] [FetchStyleLoadPlanBuildingAssociationVisitationStrategy:150] Building LoadPlan...
[2021-10-30 22:22:29] [ DEBUG] [LoadQueryJoinAndFetchProcessor:102] processing queryspace <gen:0>
[2021-10-30 22:22:29] [ DEBUG] [LoadPlanTreePrinter:55] LoadPlan(entity=DTO.Departamento)
    - Returns
       - EntityReturnImpl(entity=DTO.Departamento, querySpaceUid=<gen:0>, path=DTO.Departamento)
    - QuerySpaces
       - EntityQuerySpaceImpl(uid=<gen:0>, entity=DTO.Departamento)
          - SQL table alias mapping - departamen0_
          - alias suffix - 0_
          - suffixed key columns - {codigo1_0_0_}

[2021-10-30 22:22:29] [ DEBUG] [EntityLoader:137] Static select for entity DTO.Departamento [READ]: select departamen0_.codigo as codigo1_0_0_, departamen0_.cod_responsable as cod_resp2_0_0_, departamen0_.nombre as nombre3_0_0_ from empresa.departamento departamen0_ where departamen0_.codigo=?
[2021-10-30 22:22:29] [ DEBUG] [Loader:38] Static select for action ACTION_MERGE on entity DTO.Departamento: select departamen0_.codigo as codigo1_0_0_, departamen0_.cod_responsable as cod_resp2_0_0_, departamen0_.nombre as nombre3_0_0_ from empresa.departamento departamen0_ where departamen0_.codigo=?
[2021-10-30 22:22:29] [ DEBUG] [Loader:38] Static select for action ACTION_REFRESH on entity DTO.Departamento: select departamen0_.codigo as codigo1_0_0_, departamen0_.cod_responsable as cod_resp2_0_0_, departamen0_.nombre as nombre3_0_0_ from empresa.departamento departamen0_ where departamen0_.codigo=?
[2021-10-30 22:22:29] [ DEBUG] [AbstractEntityPersister:3847] Static SQL for entity: DTO.Empleado
[2021-10-30 22:22:29] [ DEBUG] [AbstractEntityPersister:3852]  Version select: select codigo from empresa.empleado where codigo =?
[2021-10-30 22:22:29] [ DEBUG] [AbstractEntityPersister:3855]  Snapshot select: select empleado_.codigo, empleado_.apellido1 as apellido2_1_, empleado_.apellido2 as apellido3_1_, empleado_.cod_departamento as cod_depa4_1_, empleado_.direccion as direccio5_1_, empleado_.fecha_nacimiento as fecha_na6_1_, empleado_.lugar_nacimiento as lugar_na7_1_, empleado_.nombre as nombre8_1_, empleado_.puesto as puesto9_1_, empleado_.telefono as telefon10_1_ from empresa.empleado empleado_ where empleado_.codigo=?
[2021-10-30 22:22:29] [ DEBUG] [AbstractEntityPersister:394]  Insert 0: insert into empresa.empleado (apellido1, apellido2, cod_departamento, direccion, fecha_nacimiento, lugar_nacimiento, nombre, puesto, telefono, codigo) values (?, ?, ?, ?, ?, ?, ?, ?, ?, ?)
[2021-10-30 22:22:29] [ DEBUG] [AbstractEntityPersister:394]  Update 0: update empresa.empleado set apellido1=?, apellido2=?, cod_departamento=?, direccion=?, fecha_nacimiento=?, lugar_nacimiento=?, nombre=?, puesto=?, telefono=? where codigo=?
[2021-10-30 22:22:29] [ DEBUG] [AbstractEntityPersister:394]  Delete 0: delete from empresa.empleado where codigo=?
[2021-10-30 22:22:29] [ DEBUG] [QuerySpacesImpl:174] Adding QuerySpace : uid = <gen:0> -> org.hibernate.loader.plan.build.internal.spaces.EntityQuerySpaceImpl@43acd79e]
[2021-10-30 22:22:29] [ DEBUG] [MetamodelGraphWalker:146] Visiting attribute path : apellido1
[2021-10-30 22:22:29] [ DEBUG] [MetamodelGraphWalker:146] Visiting attribute path : apellido2
[2021-10-30 22:22:29] [ DEBUG] [MetamodelGraphWalker:146] Visiting attribute path : codDepartamento
[2021-10-30 22:22:29] [ DEBUG] [MetamodelGraphWalker:146] Visiting attribute path : direccion
[2021-10-30 22:22:29] [ DEBUG] [MetamodelGraphWalker:146] Visiting attribute path : fechaNacimiento
[2021-10-30 22:22:29] [ DEBUG] [MetamodelGraphWalker:146] Visiting attribute path : lugarNacimiento
[2021-10-30 22:22:29] [ DEBUG] [MetamodelGraphWalker:146] Visiting attribute path : nombre
[2021-10-30 22:22:29] [ DEBUG] [MetamodelGraphWalker:146] Visiting attribute path : puesto
[2021-10-30 22:22:29] [ DEBUG] [MetamodelGraphWalker:146] Visiting attribute path : telefono
[2021-10-30 22:22:29] [ DEBUG] [FetchStyleLoadPlanBuildingAssociationVisitationStrategy:150] Building LoadPlan...
[2021-10-30 22:22:29] [ DEBUG] [LoadQueryJoinAndFetchProcessor:102] processing queryspace <gen:0>
[2021-10-30 22:22:29] [ DEBUG] [LoadPlanTreePrinter:55] LoadPlan(entity=DTO.Empleado)
    - Returns
       - EntityReturnImpl(entity=DTO.Empleado, querySpaceUid=<gen:0>, path=DTO.Empleado)
    - QuerySpaces
       - EntityQuerySpaceImpl(uid=<gen:0>, entity=DTO.Empleado)
          - SQL table alias mapping - empleado0_
          - alias suffix - 0_
          - suffixed key columns - {codigo1_1_0_}

[2021-10-30 22:22:29] [ DEBUG] [EntityLoader:137] Static select for entity DTO.Empleado [NONE]: select empleado0_.codigo as codigo1_1_0_, empleado0_.apellido1 as apellido2_1_0_, empleado0_.apellido2 as apellido3_1_0_, empleado0_.cod_departamento as cod_depa4_1_0_, empleado0_.direccion as direccio5_1_0_, empleado0_.fecha_nacimiento as fecha_na6_1_0_, empleado0_.lugar_nacimiento as lugar_na7_1_0_, empleado0_.nombre as nombre8_1_0_, empleado0_.puesto as puesto9_1_0_, empleado0_.telefono as telefon10_1_0_ from empresa.empleado empleado0_ where empleado0_.codigo=?
[2021-10-30 22:22:29] [ DEBUG] [QuerySpacesImpl:174] Adding QuerySpace : uid = <gen:0> -> org.hibernate.loader.plan.build.internal.spaces.EntityQuerySpaceImpl@38f77cd9]
[2021-10-30 22:22:29] [ DEBUG] [MetamodelGraphWalker:146] Visiting attribute path : apellido1
[2021-10-30 22:22:29] [ DEBUG] [MetamodelGraphWalker:146] Visiting attribute path : apellido2
[2021-10-30 22:22:29] [ DEBUG] [MetamodelGraphWalker:146] Visiting attribute path : codDepartamento
[2021-10-30 22:22:29] [ DEBUG] [MetamodelGraphWalker:146] Visiting attribute path : direccion
[2021-10-30 22:22:29] [ DEBUG] [MetamodelGraphWalker:146] Visiting attribute path : fechaNacimiento
[2021-10-30 22:22:29] [ DEBUG] [MetamodelGraphWalker:146] Visiting attribute path : lugarNacimiento
[2021-10-30 22:22:29] [ DEBUG] [MetamodelGraphWalker:146] Visiting attribute path : nombre
[2021-10-30 22:22:29] [ DEBUG] [MetamodelGraphWalker:146] Visiting attribute path : puesto
[2021-10-30 22:22:29] [ DEBUG] [MetamodelGraphWalker:146] Visiting attribute path : telefono
[2021-10-30 22:22:29] [ DEBUG] [FetchStyleLoadPlanBuildingAssociationVisitationStrategy:150] Building LoadPlan...
[2021-10-30 22:22:29] [ DEBUG] [LoadQueryJoinAndFetchProcessor:102] processing queryspace <gen:0>
[2021-10-30 22:22:29] [ DEBUG] [LoadPlanTreePrinter:55] LoadPlan(entity=DTO.Empleado)
    - Returns
       - EntityReturnImpl(entity=DTO.Empleado, querySpaceUid=<gen:0>, path=DTO.Empleado)
    - QuerySpaces
       - EntityQuerySpaceImpl(uid=<gen:0>, entity=DTO.Empleado)
          - SQL table alias mapping - empleado0_
          - alias suffix - 0_
          - suffixed key columns - {codigo1_1_0_}

[2021-10-30 22:22:29] [ DEBUG] [EntityLoader:137] Static select for entity DTO.Empleado [READ]: select empleado0_.codigo as codigo1_1_0_, empleado0_.apellido1 as apellido2_1_0_, empleado0_.apellido2 as apellido3_1_0_, empleado0_.cod_departamento as cod_depa4_1_0_, empleado0_.direccion as direccio5_1_0_, empleado0_.fecha_nacimiento as fecha_na6_1_0_, empleado0_.lugar_nacimiento as lugar_na7_1_0_, empleado0_.nombre as nombre8_1_0_, empleado0_.puesto as puesto9_1_0_, empleado0_.telefono as telefon10_1_0_ from empresa.empleado empleado0_ where empleado0_.codigo=?
[2021-10-30 22:22:29] [ DEBUG] [Loader:38] Static select for action ACTION_MERGE on entity DTO.Empleado: select empleado0_.codigo as codigo1_1_0_, empleado0_.apellido1 as apellido2_1_0_, empleado0_.apellido2 as apellido3_1_0_, empleado0_.cod_departamento as cod_depa4_1_0_, empleado0_.direccion as direccio5_1_0_, empleado0_.fecha_nacimiento as fecha_na6_1_0_, empleado0_.lugar_nacimiento as lugar_na7_1_0_, empleado0_.nombre as nombre8_1_0_, empleado0_.puesto as puesto9_1_0_, empleado0_.telefono as telefon10_1_0_ from empresa.empleado empleado0_ where empleado0_.codigo=?
[2021-10-30 22:22:29] [ DEBUG] [Loader:38] Static select for action ACTION_REFRESH on entity DTO.Empleado: select empleado0_.codigo as codigo1_1_0_, empleado0_.apellido1 as apellido2_1_0_, empleado0_.apellido2 as apellido3_1_0_, empleado0_.cod_departamento as cod_depa4_1_0_, empleado0_.direccion as direccio5_1_0_, empleado0_.fecha_nacimiento as fecha_na6_1_0_, empleado0_.lugar_nacimiento as lugar_na7_1_0_, empleado0_.nombre as nombre8_1_0_, empleado0_.puesto as puesto9_1_0_, empleado0_.telefono as telefon10_1_0_ from empresa.empleado empleado0_ where empleado0_.codigo=?
[2021-10-30 22:22:29] [ DEBUG] [SchemaManagementToolCoordinator:57] No actions specified; doing nothing
[2021-10-30 22:22:29] [ DEBUG] [NamedQueryRepository:151] Checking 0 named HQL queries
[2021-10-30 22:22:29] [ DEBUG] [NamedQueryRepository:167] Checking 0 named SQL queries
[2021-10-30 22:22:29] [ DEBUG] [SessionFactoryRegistry:52] Initializing SessionFactoryRegistry : org.hibernate.internal.SessionFactoryRegistry@41da3aee
[2021-10-30 22:22:29] [ DEBUG] [SessionFactoryRegistry:74] Registering SessionFactory: fac6f7a7-ad95-455f-8a62-04ac0d9598bd (<unnamed>)
[2021-10-30 22:22:29] [ DEBUG] [SessionFactoryRegistry:81] Not binding SessionFactory to JNDI, no JNDI name configured
[2021-10-30 22:22:29] [ INFO ] [HibernateUtil:27] HibernateUtil.buildSessionFactory(): SessionFactory created.
[2021-10-30 22:22:29] [ DEBUG] [StatisticsInitiator:101] Statistics initialized [enabled=false]
[2021-10-30 22:22:30] [ DEBUG] [QueryTranslatorFactoryInitiator:45] QueryTranslatorFactory: org.hibernate.hql.internal.ast.ASTQueryTranslatorFactory@10c47c79
[2021-10-30 22:22:30] [ DEBUG] [QueryTranslatorImpl:288] parse() - HQL: from departamento
[2021-10-30 22:22:30] [ DEBUG] [ErrorTracker:97] throwQueryException() : no errors
[2021-10-30 22:22:30] [ DEBUG] [QueryTranslatorImpl:309] --- HQL AST ---
 \-[QUERY] Node: 'query'
    \-[SELECT_FROM] Node: 'SELECT_FROM'
       \-[FROM] Node: 'from'
          \-[RANGE] Node: 'RANGE'
             \-[IDENT] Node: 'departamento'

[2021-10-30 22:22:30] [ DEBUG] [HqlSqlBaseWalker:124] select << begin [level=1, statement=select]
[2021-10-30 22:22:30] [ DEBUG] [TransactionImpl:53] On TransactionImpl creation, JpaCompliance#isJpaTransactionComplianceEnabled == false
