[2021-10-27 11:06:15] [ WARN ] [pooling:72] HHH10001002: Using Hibernate built-in connection pool (not for production use!)
[2021-10-27 11:06:16] [ ERROR] [HibernateUtil:30] HibernateUtil.buildSessionFactory(): Initial SessionFactory creation failed.
org.hibernate.MappingException: entity class not found: Empleado
	at org.hibernate.jpa.event.internal.CallbackBuilderLegacyImpl.buildCallbacksForEntity(CallbackBuilderLegacyImpl.java:79)
	at org.hibernate.event.service.internal.EventListenerRegistryImpl.prepare(EventListenerRegistryImpl.java:146)
	at org.hibernate.internal.SessionFactoryImpl.prepareEventListeners(SessionFactoryImpl.java:418)
	at org.hibernate.internal.SessionFactoryImpl.<init>(SessionFactoryImpl.java:217)
	at org.hibernate.boot.internal.SessionFactoryBuilderImpl.build(SessionFactoryBuilderImpl.java:462)
	at utils.HibernateUtil.buildSessionFactory(HibernateUtil.java:26)
	at utils.HibernateUtil.<clinit>(HibernateUtil.java:16)
	at principal.DepartamentoCON.menu(DepartamentoCON.java:23)
	at principal.main.main(main.java:21)
Caused by: org.hibernate.annotations.common.reflection.ClassLoadingException: Unable to load Class [Empleado]
	at org.hibernate.annotations.common.util.StandardClassLoaderDelegateImpl.classForName(StandardClassLoaderDelegateImpl.java:43)
	at org.hibernate.boot.internal.BootstrapContextImpl$1.classForName(BootstrapContextImpl.java:339)
	at org.hibernate.annotations.common.reflection.java.JavaReflectionManager.classForName(JavaReflectionManager.java:127)
	at org.hibernate.jpa.event.internal.CallbackBuilderLegacyImpl.buildCallbacksForEntity(CallbackBuilderLegacyImpl.java:57)
	... 8 more
Caused by: java.lang.ClassNotFoundException: Empleado
	at java.base/jdk.internal.loader.BuiltinClassLoader.loadClass(BuiltinClassLoader.java:641)
	at java.base/jdk.internal.loader.ClassLoaders$AppClassLoader.loadClass(ClassLoaders.java:188)
	at java.base/java.lang.ClassLoader.loadClass(ClassLoader.java:520)
	at java.base/java.lang.Class.forName0(Native Method)
	at java.base/java.lang.Class.forName(Class.java:467)
	at org.hibernate.annotations.common.util.StandardClassLoaderDelegateImpl.classForName(StandardClassLoaderDelegateImpl.java:40)
	... 11 more
[2021-10-27 11:08:24] [ WARN ] [pooling:72] HHH10001002: Using Hibernate built-in connection pool (not for production use!)
[2021-10-27 11:12:51] [ WARN ] [pooling:72] HHH10001002: Using Hibernate built-in connection pool (not for production use!)
[2021-10-27 11:13:34] [ WARN ] [pooling:72] HHH10001002: Using Hibernate built-in connection pool (not for production use!)
[2021-10-27 11:59:10] [ WARN ] [pooling:72] HHH10001002: Using Hibernate built-in connection pool (not for production use!)
[2021-10-27 11:59:10] [ ERROR] [HibernateUtil:30] HibernateUtil.buildSessionFactory(): Initial SessionFactory creation failed.
org.hibernate.boot.registry.classloading.spi.ClassLoadingException: Unable to load class [DTO.Empleado.java]
	at org.hibernate.boot.registry.classloading.internal.ClassLoaderServiceImpl.classForName(ClassLoaderServiceImpl.java:133)
	at org.hibernate.boot.model.source.internal.annotations.AnnotationMetadataSourceProcessorImpl.<init>(AnnotationMetadataSourceProcessorImpl.java:109)
	at org.hibernate.boot.model.process.spi.MetadataBuildingProcess$1.<init>(MetadataBuildingProcess.java:155)
	at org.hibernate.boot.model.process.spi.MetadataBuildingProcess.complete(MetadataBuildingProcess.java:149)
	at org.hibernate.boot.model.process.spi.MetadataBuildingProcess.build(MetadataBuildingProcess.java:83)
	at org.hibernate.boot.internal.MetadataBuilderImpl.build(MetadataBuilderImpl.java:473)
	at org.hibernate.boot.internal.MetadataBuilderImpl.build(MetadataBuilderImpl.java:84)
	at utils.HibernateUtil.buildSessionFactory(HibernateUtil.java:25)
	at utils.HibernateUtil.<clinit>(HibernateUtil.java:16)
	at principal.DepartamentoCON.menu(DepartamentoCON.java:23)
	at principal.main.main(main.java:21)
Caused by: java.lang.ClassNotFoundException: Could not load requested class : DTO.Empleado.java
	at org.hibernate.boot.registry.classloading.internal.AggregatedClassLoader.findClass(AggregatedClassLoader.java:210)
	at java.base/java.lang.ClassLoader.loadClass(ClassLoader.java:587)
	at java.base/java.lang.ClassLoader.loadClass(ClassLoader.java:520)
	at java.base/java.lang.Class.forName0(Native Method)
	at java.base/java.lang.Class.forName(Class.java:467)
	at org.hibernate.boot.registry.classloading.internal.ClassLoaderServiceImpl.classForName(ClassLoaderServiceImpl.java:130)
	... 10 more
[2021-10-27 12:02:56] [ WARN ] [pooling:72] HHH10001002: Using Hibernate built-in connection pool (not for production use!)
[2021-10-27 12:02:57] [ ERROR] [HibernateUtil:30] HibernateUtil.buildSessionFactory(): Initial SessionFactory creation failed.
org.hibernate.boot.registry.classloading.spi.ClassLoadingException: Unable to load class [DTO.Empleado.java]
	at org.hibernate.boot.registry.classloading.internal.ClassLoaderServiceImpl.classForName(ClassLoaderServiceImpl.java:133)
	at org.hibernate.boot.model.source.internal.annotations.AnnotationMetadataSourceProcessorImpl.<init>(AnnotationMetadataSourceProcessorImpl.java:109)
	at org.hibernate.boot.model.process.spi.MetadataBuildingProcess$1.<init>(MetadataBuildingProcess.java:155)
	at org.hibernate.boot.model.process.spi.MetadataBuildingProcess.complete(MetadataBuildingProcess.java:149)
	at org.hibernate.boot.model.process.spi.MetadataBuildingProcess.build(MetadataBuildingProcess.java:83)
	at org.hibernate.boot.internal.MetadataBuilderImpl.build(MetadataBuilderImpl.java:473)
	at org.hibernate.boot.internal.MetadataBuilderImpl.build(MetadataBuilderImpl.java:84)
	at utils.HibernateUtil.buildSessionFactory(HibernateUtil.java:25)
	at utils.HibernateUtil.<clinit>(HibernateUtil.java:16)
	at principal.DepartamentoCON.menu(DepartamentoCON.java:23)
	at principal.main.main(main.java:21)
Caused by: java.lang.ClassNotFoundException: Could not load requested class : DTO.Empleado.java
	at org.hibernate.boot.registry.classloading.internal.AggregatedClassLoader.findClass(AggregatedClassLoader.java:210)
	at java.base/java.lang.ClassLoader.loadClass(ClassLoader.java:587)
	at java.base/java.lang.ClassLoader.loadClass(ClassLoader.java:520)
	at java.base/java.lang.Class.forName0(Native Method)
	at java.base/java.lang.Class.forName(Class.java:467)
	at org.hibernate.boot.registry.classloading.internal.ClassLoaderServiceImpl.classForName(ClassLoaderServiceImpl.java:130)
	... 10 more
[2021-10-27 12:03:42] [ WARN ] [pooling:72] HHH10001002: Using Hibernate built-in connection pool (not for production use!)
[2021-10-27 12:03:42] [ ERROR] [HibernateUtil:30] HibernateUtil.buildSessionFactory(): Initial SessionFactory creation failed.
org.hibernate.boot.registry.classloading.spi.ClassLoadingException: Unable to load class [java.DTO.Empleado.java]
	at org.hibernate.boot.registry.classloading.internal.ClassLoaderServiceImpl.classForName(ClassLoaderServiceImpl.java:133)
	at org.hibernate.boot.model.source.internal.annotations.AnnotationMetadataSourceProcessorImpl.<init>(AnnotationMetadataSourceProcessorImpl.java:109)
	at org.hibernate.boot.model.process.spi.MetadataBuildingProcess$1.<init>(MetadataBuildingProcess.java:155)
	at org.hibernate.boot.model.process.spi.MetadataBuildingProcess.complete(MetadataBuildingProcess.java:149)
	at org.hibernate.boot.model.process.spi.MetadataBuildingProcess.build(MetadataBuildingProcess.java:83)
	at org.hibernate.boot.internal.MetadataBuilderImpl.build(MetadataBuilderImpl.java:473)
	at org.hibernate.boot.internal.MetadataBuilderImpl.build(MetadataBuilderImpl.java:84)
	at utils.HibernateUtil.buildSessionFactory(HibernateUtil.java:25)
	at utils.HibernateUtil.<clinit>(HibernateUtil.java:16)
	at principal.DepartamentoCON.menu(DepartamentoCON.java:23)
	at principal.main.main(main.java:21)
Caused by: java.lang.ClassNotFoundException: Could not load requested class : java.DTO.Empleado.java
	at org.hibernate.boot.registry.classloading.internal.AggregatedClassLoader.findClass(AggregatedClassLoader.java:210)
	at java.base/java.lang.ClassLoader.loadClass(ClassLoader.java:587)
	at java.base/java.lang.ClassLoader.loadClass(ClassLoader.java:520)
	at java.base/java.lang.Class.forName0(Native Method)
	at java.base/java.lang.Class.forName(Class.java:467)
	at org.hibernate.boot.registry.classloading.internal.ClassLoaderServiceImpl.classForName(ClassLoaderServiceImpl.java:130)
	... 10 more
[2021-10-27 12:04:06] [ WARN ] [pooling:72] HHH10001002: Using Hibernate built-in connection pool (not for production use!)
[2021-10-27 12:04:06] [ ERROR] [HibernateUtil:30] HibernateUtil.buildSessionFactory(): Initial SessionFactory creation failed.
org.hibernate.boot.registry.classloading.spi.ClassLoadingException: Unable to load class [java.DTO.Empleado]
	at org.hibernate.boot.registry.classloading.internal.ClassLoaderServiceImpl.classForName(ClassLoaderServiceImpl.java:133)
	at org.hibernate.boot.model.source.internal.annotations.AnnotationMetadataSourceProcessorImpl.<init>(AnnotationMetadataSourceProcessorImpl.java:109)
	at org.hibernate.boot.model.process.spi.MetadataBuildingProcess$1.<init>(MetadataBuildingProcess.java:155)
	at org.hibernate.boot.model.process.spi.MetadataBuildingProcess.complete(MetadataBuildingProcess.java:149)
	at org.hibernate.boot.model.process.spi.MetadataBuildingProcess.build(MetadataBuildingProcess.java:83)
	at org.hibernate.boot.internal.MetadataBuilderImpl.build(MetadataBuilderImpl.java:473)
	at org.hibernate.boot.internal.MetadataBuilderImpl.build(MetadataBuilderImpl.java:84)
	at utils.HibernateUtil.buildSessionFactory(HibernateUtil.java:25)
	at utils.HibernateUtil.<clinit>(HibernateUtil.java:16)
	at principal.DepartamentoCON.menu(DepartamentoCON.java:23)
	at principal.main.main(main.java:21)
Caused by: java.lang.ClassNotFoundException: Could not load requested class : java.DTO.Empleado
	at org.hibernate.boot.registry.classloading.internal.AggregatedClassLoader.findClass(AggregatedClassLoader.java:210)
	at java.base/java.lang.ClassLoader.loadClass(ClassLoader.java:587)
	at java.base/java.lang.ClassLoader.loadClass(ClassLoader.java:520)
	at java.base/java.lang.Class.forName0(Native Method)
	at java.base/java.lang.Class.forName(Class.java:467)
	at org.hibernate.boot.registry.classloading.internal.ClassLoaderServiceImpl.classForName(ClassLoaderServiceImpl.java:130)
	... 10 more
